Start testing: May 18 21:49 EEST
----------------------------------------------------------
1/115 Testing: Image.ImageInterpolate
1/115 Test: Image.ImageInterpolate
Command: "/home/lyu/Documents/catkin_evis/lie-spline-experiments/build/thirdparty/basalt/thirdparty/basalt-headers/test/test_image" "--gtest_filter=Image.ImageInterpolate" "--gtest_also_run_disabled_tests"
Directory: /home/lyu/Documents/catkin_evis/lie-spline-experiments/build/thirdparty/basalt/thirdparty/basalt-headers/test
"Image.ImageInterpolate" start time: May 18 21:49 EEST
Output:
----------------------------------------------------------
Running main() from /home/lyu/Documents/catkin_evis/lie-spline-experiments/thirdparty/basalt/thirdparty/basalt-headers/test/googletest/googletest/src/gtest_main.cc
Note: Google Test filter = Image.ImageInterpolate
[==========] Running 1 test from 1 test suite.
[----------] Global test environment set-up.
[----------] 1 test from Image
[ RUN      ] Image.ImageInterpolate
[       OK ] Image.ImageInterpolate (4 ms)
[----------] 1 test from Image (4 ms total)

[----------] Global test environment tear-down
[==========] 1 test from 1 test suite ran. (4 ms total)
[  PASSED  ] 1 test.
<end of output>
Test time =   0.01 sec
----------------------------------------------------------
Test Passed.
"Image.ImageInterpolate" end time: May 18 21:49 EEST
"Image.ImageInterpolate" time elapsed: 00:00:00
----------------------------------------------------------

2/115 Testing: Image.ImageInterpolateGrad
2/115 Test: Image.ImageInterpolateGrad
Command: "/home/lyu/Documents/catkin_evis/lie-spline-experiments/build/thirdparty/basalt/thirdparty/basalt-headers/test/test_image" "--gtest_filter=Image.ImageInterpolateGrad" "--gtest_also_run_disabled_tests"
Directory: /home/lyu/Documents/catkin_evis/lie-spline-experiments/build/thirdparty/basalt/thirdparty/basalt-headers/test
"Image.ImageInterpolateGrad" start time: May 18 21:49 EEST
Output:
----------------------------------------------------------
Running main() from /home/lyu/Documents/catkin_evis/lie-spline-experiments/thirdparty/basalt/thirdparty/basalt-headers/test/googletest/googletest/src/gtest_main.cc
Note: Google Test filter = Image.ImageInterpolateGrad
[==========] Running 1 test from 1 test suite.
[----------] Global test environment set-up.
[----------] 1 test from Image
[ RUN      ] Image.ImageInterpolateGrad
[       OK ] Image.ImageInterpolateGrad (2 ms)
[----------] 1 test from Image (2 ms total)

[----------] Global test environment tear-down
[==========] 1 test from 1 test suite ran. (2 ms total)
[  PASSED  ] 1 test.
<end of output>
Test time =   0.00 sec
----------------------------------------------------------
Test Passed.
"Image.ImageInterpolateGrad" end time: May 18 21:49 EEST
"Image.ImageInterpolateGrad" time elapsed: 00:00:00
----------------------------------------------------------

3/115 Testing: SplineTest.UBSplineEvaluateKnots4
3/115 Test: SplineTest.UBSplineEvaluateKnots4
Command: "/home/lyu/Documents/catkin_evis/lie-spline-experiments/build/thirdparty/basalt/thirdparty/basalt-headers/test/test_spline" "--gtest_filter=SplineTest.UBSplineEvaluateKnots4" "--gtest_also_run_disabled_tests"
Directory: /home/lyu/Documents/catkin_evis/lie-spline-experiments/build/thirdparty/basalt/thirdparty/basalt-headers/test
"SplineTest.UBSplineEvaluateKnots4" start time: May 18 21:49 EEST
Output:
----------------------------------------------------------
Running main() from /home/lyu/Documents/catkin_evis/lie-spline-experiments/thirdparty/basalt/thirdparty/basalt-headers/test/googletest/googletest/src/gtest_main.cc
Note: Google Test filter = SplineTest.UBSplineEvaluateKnots4
[==========] Running 1 test from 1 test suite.
[----------] Global test environment set-up.
[----------] 1 test from SplineTest
[ RUN      ] SplineTest.UBSplineEvaluateKnots4
[       OK ] SplineTest.UBSplineEvaluateKnots4 (3 ms)
[----------] 1 test from SplineTest (3 ms total)

[----------] Global test environment tear-down
[==========] 1 test from 1 test suite ran. (3 ms total)
[  PASSED  ] 1 test.
<end of output>
Test time =   0.01 sec
----------------------------------------------------------
Test Passed.
"SplineTest.UBSplineEvaluateKnots4" end time: May 18 21:49 EEST
"SplineTest.UBSplineEvaluateKnots4" time elapsed: 00:00:00
----------------------------------------------------------

4/115 Testing: SplineTest.UBSplineEvaluateKnots5
4/115 Test: SplineTest.UBSplineEvaluateKnots5
Command: "/home/lyu/Documents/catkin_evis/lie-spline-experiments/build/thirdparty/basalt/thirdparty/basalt-headers/test/test_spline" "--gtest_filter=SplineTest.UBSplineEvaluateKnots5" "--gtest_also_run_disabled_tests"
Directory: /home/lyu/Documents/catkin_evis/lie-spline-experiments/build/thirdparty/basalt/thirdparty/basalt-headers/test
"SplineTest.UBSplineEvaluateKnots5" start time: May 18 21:49 EEST
Output:
----------------------------------------------------------
Running main() from /home/lyu/Documents/catkin_evis/lie-spline-experiments/thirdparty/basalt/thirdparty/basalt-headers/test/googletest/googletest/src/gtest_main.cc
Note: Google Test filter = SplineTest.UBSplineEvaluateKnots5
[==========] Running 1 test from 1 test suite.
[----------] Global test environment set-up.
[----------] 1 test from SplineTest
[ RUN      ] SplineTest.UBSplineEvaluateKnots5
[       OK ] SplineTest.UBSplineEvaluateKnots5 (4 ms)
[----------] 1 test from SplineTest (4 ms total)

[----------] Global test environment tear-down
[==========] 1 test from 1 test suite ran. (4 ms total)
[  PASSED  ] 1 test.
<end of output>
Test time =   0.01 sec
----------------------------------------------------------
Test Passed.
"SplineTest.UBSplineEvaluateKnots5" end time: May 18 21:49 EEST
"SplineTest.UBSplineEvaluateKnots5" time elapsed: 00:00:00
----------------------------------------------------------

5/115 Testing: SplineTest.UBSplineEvaluateKnots6
5/115 Test: SplineTest.UBSplineEvaluateKnots6
Command: "/home/lyu/Documents/catkin_evis/lie-spline-experiments/build/thirdparty/basalt/thirdparty/basalt-headers/test/test_spline" "--gtest_filter=SplineTest.UBSplineEvaluateKnots6" "--gtest_also_run_disabled_tests"
Directory: /home/lyu/Documents/catkin_evis/lie-spline-experiments/build/thirdparty/basalt/thirdparty/basalt-headers/test
"SplineTest.UBSplineEvaluateKnots6" start time: May 18 21:49 EEST
Output:
----------------------------------------------------------
Running main() from /home/lyu/Documents/catkin_evis/lie-spline-experiments/thirdparty/basalt/thirdparty/basalt-headers/test/googletest/googletest/src/gtest_main.cc
Note: Google Test filter = SplineTest.UBSplineEvaluateKnots6
[==========] Running 1 test from 1 test suite.
[----------] Global test environment set-up.
[----------] 1 test from SplineTest
[ RUN      ] SplineTest.UBSplineEvaluateKnots6
[       OK ] SplineTest.UBSplineEvaluateKnots6 (6 ms)
[----------] 1 test from SplineTest (6 ms total)

[----------] Global test environment tear-down
[==========] 1 test from 1 test suite ran. (6 ms total)
[  PASSED  ] 1 test.
<end of output>
Test time =   0.01 sec
----------------------------------------------------------
Test Passed.
"SplineTest.UBSplineEvaluateKnots6" end time: May 18 21:49 EEST
"SplineTest.UBSplineEvaluateKnots6" time elapsed: 00:00:00
----------------------------------------------------------

6/115 Testing: SplineTest.UBSplineVelocityKnots4
6/115 Test: SplineTest.UBSplineVelocityKnots4
Command: "/home/lyu/Documents/catkin_evis/lie-spline-experiments/build/thirdparty/basalt/thirdparty/basalt-headers/test/test_spline" "--gtest_filter=SplineTest.UBSplineVelocityKnots4" "--gtest_also_run_disabled_tests"
Directory: /home/lyu/Documents/catkin_evis/lie-spline-experiments/build/thirdparty/basalt/thirdparty/basalt-headers/test
"SplineTest.UBSplineVelocityKnots4" start time: May 18 21:49 EEST
Output:
----------------------------------------------------------
Running main() from /home/lyu/Documents/catkin_evis/lie-spline-experiments/thirdparty/basalt/thirdparty/basalt-headers/test/googletest/googletest/src/gtest_main.cc
Note: Google Test filter = SplineTest.UBSplineVelocityKnots4
[==========] Running 1 test from 1 test suite.
[----------] Global test environment set-up.
[----------] 1 test from SplineTest
[ RUN      ] SplineTest.UBSplineVelocityKnots4
[       OK ] SplineTest.UBSplineVelocityKnots4 (3 ms)
[----------] 1 test from SplineTest (3 ms total)

[----------] Global test environment tear-down
[==========] 1 test from 1 test suite ran. (3 ms total)
[  PASSED  ] 1 test.
<end of output>
Test time =   0.01 sec
----------------------------------------------------------
Test Passed.
"SplineTest.UBSplineVelocityKnots4" end time: May 18 21:49 EEST
"SplineTest.UBSplineVelocityKnots4" time elapsed: 00:00:00
----------------------------------------------------------

7/115 Testing: SplineTest.UBSplineVelocityKnots5
7/115 Test: SplineTest.UBSplineVelocityKnots5
Command: "/home/lyu/Documents/catkin_evis/lie-spline-experiments/build/thirdparty/basalt/thirdparty/basalt-headers/test/test_spline" "--gtest_filter=SplineTest.UBSplineVelocityKnots5" "--gtest_also_run_disabled_tests"
Directory: /home/lyu/Documents/catkin_evis/lie-spline-experiments/build/thirdparty/basalt/thirdparty/basalt-headers/test
"SplineTest.UBSplineVelocityKnots5" start time: May 18 21:49 EEST
Output:
----------------------------------------------------------
Running main() from /home/lyu/Documents/catkin_evis/lie-spline-experiments/thirdparty/basalt/thirdparty/basalt-headers/test/googletest/googletest/src/gtest_main.cc
Note: Google Test filter = SplineTest.UBSplineVelocityKnots5
[==========] Running 1 test from 1 test suite.
[----------] Global test environment set-up.
[----------] 1 test from SplineTest
[ RUN      ] SplineTest.UBSplineVelocityKnots5
[       OK ] SplineTest.UBSplineVelocityKnots5 (5 ms)
[----------] 1 test from SplineTest (5 ms total)

[----------] Global test environment tear-down
[==========] 1 test from 1 test suite ran. (5 ms total)
[  PASSED  ] 1 test.
<end of output>
Test time =   0.01 sec
----------------------------------------------------------
Test Passed.
"SplineTest.UBSplineVelocityKnots5" end time: May 18 21:49 EEST
"SplineTest.UBSplineVelocityKnots5" time elapsed: 00:00:00
----------------------------------------------------------

8/115 Testing: SplineTest.UBSplineVelocityKnots6
8/115 Test: SplineTest.UBSplineVelocityKnots6
Command: "/home/lyu/Documents/catkin_evis/lie-spline-experiments/build/thirdparty/basalt/thirdparty/basalt-headers/test/test_spline" "--gtest_filter=SplineTest.UBSplineVelocityKnots6" "--gtest_also_run_disabled_tests"
Directory: /home/lyu/Documents/catkin_evis/lie-spline-experiments/build/thirdparty/basalt/thirdparty/basalt-headers/test
"SplineTest.UBSplineVelocityKnots6" start time: May 18 21:49 EEST
Output:
----------------------------------------------------------
Running main() from /home/lyu/Documents/catkin_evis/lie-spline-experiments/thirdparty/basalt/thirdparty/basalt-headers/test/googletest/googletest/src/gtest_main.cc
Note: Google Test filter = SplineTest.UBSplineVelocityKnots6
[==========] Running 1 test from 1 test suite.
[----------] Global test environment set-up.
[----------] 1 test from SplineTest
[ RUN      ] SplineTest.UBSplineVelocityKnots6
[       OK ] SplineTest.UBSplineVelocityKnots6 (6 ms)
[----------] 1 test from SplineTest (6 ms total)

[----------] Global test environment tear-down
[==========] 1 test from 1 test suite ran. (6 ms total)
[  PASSED  ] 1 test.
<end of output>
Test time =   0.01 sec
----------------------------------------------------------
Test Passed.
"SplineTest.UBSplineVelocityKnots6" end time: May 18 21:49 EEST
"SplineTest.UBSplineVelocityKnots6" time elapsed: 00:00:00
----------------------------------------------------------

9/115 Testing: SplineTest.UBSplineAccelKnots4
9/115 Test: SplineTest.UBSplineAccelKnots4
Command: "/home/lyu/Documents/catkin_evis/lie-spline-experiments/build/thirdparty/basalt/thirdparty/basalt-headers/test/test_spline" "--gtest_filter=SplineTest.UBSplineAccelKnots4" "--gtest_also_run_disabled_tests"
Directory: /home/lyu/Documents/catkin_evis/lie-spline-experiments/build/thirdparty/basalt/thirdparty/basalt-headers/test
"SplineTest.UBSplineAccelKnots4" start time: May 18 21:49 EEST
Output:
----------------------------------------------------------
Running main() from /home/lyu/Documents/catkin_evis/lie-spline-experiments/thirdparty/basalt/thirdparty/basalt-headers/test/googletest/googletest/src/gtest_main.cc
Note: Google Test filter = SplineTest.UBSplineAccelKnots4
[==========] Running 1 test from 1 test suite.
[----------] Global test environment set-up.
[----------] 1 test from SplineTest
[ RUN      ] SplineTest.UBSplineAccelKnots4
[       OK ] SplineTest.UBSplineAccelKnots4 (2 ms)
[----------] 1 test from SplineTest (2 ms total)

[----------] Global test environment tear-down
[==========] 1 test from 1 test suite ran. (2 ms total)
[  PASSED  ] 1 test.
<end of output>
Test time =   0.00 sec
----------------------------------------------------------
Test Passed.
"SplineTest.UBSplineAccelKnots4" end time: May 18 21:49 EEST
"SplineTest.UBSplineAccelKnots4" time elapsed: 00:00:00
----------------------------------------------------------

10/115 Testing: SplineTest.UBSplineAccelKnots5
10/115 Test: SplineTest.UBSplineAccelKnots5
Command: "/home/lyu/Documents/catkin_evis/lie-spline-experiments/build/thirdparty/basalt/thirdparty/basalt-headers/test/test_spline" "--gtest_filter=SplineTest.UBSplineAccelKnots5" "--gtest_also_run_disabled_tests"
Directory: /home/lyu/Documents/catkin_evis/lie-spline-experiments/build/thirdparty/basalt/thirdparty/basalt-headers/test
"SplineTest.UBSplineAccelKnots5" start time: May 18 21:49 EEST
Output:
----------------------------------------------------------
Running main() from /home/lyu/Documents/catkin_evis/lie-spline-experiments/thirdparty/basalt/thirdparty/basalt-headers/test/googletest/googletest/src/gtest_main.cc
Note: Google Test filter = SplineTest.UBSplineAccelKnots5
[==========] Running 1 test from 1 test suite.
[----------] Global test environment set-up.
[----------] 1 test from SplineTest
[ RUN      ] SplineTest.UBSplineAccelKnots5
[       OK ] SplineTest.UBSplineAccelKnots5 (4 ms)
[----------] 1 test from SplineTest (4 ms total)

[----------] Global test environment tear-down
[==========] 1 test from 1 test suite ran. (4 ms total)
[  PASSED  ] 1 test.
<end of output>
Test time =   0.01 sec
----------------------------------------------------------
Test Passed.
"SplineTest.UBSplineAccelKnots5" end time: May 18 21:49 EEST
"SplineTest.UBSplineAccelKnots5" time elapsed: 00:00:00
----------------------------------------------------------

11/115 Testing: SplineTest.UBSplineAccelKnots6
11/115 Test: SplineTest.UBSplineAccelKnots6
Command: "/home/lyu/Documents/catkin_evis/lie-spline-experiments/build/thirdparty/basalt/thirdparty/basalt-headers/test/test_spline" "--gtest_filter=SplineTest.UBSplineAccelKnots6" "--gtest_also_run_disabled_tests"
Directory: /home/lyu/Documents/catkin_evis/lie-spline-experiments/build/thirdparty/basalt/thirdparty/basalt-headers/test
"SplineTest.UBSplineAccelKnots6" start time: May 18 21:49 EEST
Output:
----------------------------------------------------------
Running main() from /home/lyu/Documents/catkin_evis/lie-spline-experiments/thirdparty/basalt/thirdparty/basalt-headers/test/googletest/googletest/src/gtest_main.cc
Note: Google Test filter = SplineTest.UBSplineAccelKnots6
[==========] Running 1 test from 1 test suite.
[----------] Global test environment set-up.
[----------] 1 test from SplineTest
[ RUN      ] SplineTest.UBSplineAccelKnots6
[       OK ] SplineTest.UBSplineAccelKnots6 (6 ms)
[----------] 1 test from SplineTest (6 ms total)

[----------] Global test environment tear-down
[==========] 1 test from 1 test suite ran. (6 ms total)
[  PASSED  ] 1 test.
<end of output>
Test time =   0.01 sec
----------------------------------------------------------
Test Passed.
"SplineTest.UBSplineAccelKnots6" end time: May 18 21:49 EEST
"SplineTest.UBSplineAccelKnots6" time elapsed: 00:00:00
----------------------------------------------------------

12/115 Testing: SplineTest.UBSplineEvaluateTimeDeriv4
12/115 Test: SplineTest.UBSplineEvaluateTimeDeriv4
Command: "/home/lyu/Documents/catkin_evis/lie-spline-experiments/build/thirdparty/basalt/thirdparty/basalt-headers/test/test_spline" "--gtest_filter=SplineTest.UBSplineEvaluateTimeDeriv4" "--gtest_also_run_disabled_tests"
Directory: /home/lyu/Documents/catkin_evis/lie-spline-experiments/build/thirdparty/basalt/thirdparty/basalt-headers/test
"SplineTest.UBSplineEvaluateTimeDeriv4" start time: May 18 21:49 EEST
Output:
----------------------------------------------------------
Running main() from /home/lyu/Documents/catkin_evis/lie-spline-experiments/thirdparty/basalt/thirdparty/basalt-headers/test/googletest/googletest/src/gtest_main.cc
Note: Google Test filter = SplineTest.UBSplineEvaluateTimeDeriv4
[==========] Running 1 test from 1 test suite.
[----------] Global test environment set-up.
[----------] 1 test from SplineTest
[ RUN      ] SplineTest.UBSplineEvaluateTimeDeriv4
[       OK ] SplineTest.UBSplineEvaluateTimeDeriv4 (0 ms)
[----------] 1 test from SplineTest (0 ms total)

[----------] Global test environment tear-down
[==========] 1 test from 1 test suite ran. (0 ms total)
[  PASSED  ] 1 test.
<end of output>
Test time =   0.00 sec
----------------------------------------------------------
Test Passed.
"SplineTest.UBSplineEvaluateTimeDeriv4" end time: May 18 21:49 EEST
"SplineTest.UBSplineEvaluateTimeDeriv4" time elapsed: 00:00:00
----------------------------------------------------------

13/115 Testing: SplineTest.UBSplineEvaluateTimeDeriv5
13/115 Test: SplineTest.UBSplineEvaluateTimeDeriv5
Command: "/home/lyu/Documents/catkin_evis/lie-spline-experiments/build/thirdparty/basalt/thirdparty/basalt-headers/test/test_spline" "--gtest_filter=SplineTest.UBSplineEvaluateTimeDeriv5" "--gtest_also_run_disabled_tests"
Directory: /home/lyu/Documents/catkin_evis/lie-spline-experiments/build/thirdparty/basalt/thirdparty/basalt-headers/test
"SplineTest.UBSplineEvaluateTimeDeriv5" start time: May 18 21:49 EEST
Output:
----------------------------------------------------------
Running main() from /home/lyu/Documents/catkin_evis/lie-spline-experiments/thirdparty/basalt/thirdparty/basalt-headers/test/googletest/googletest/src/gtest_main.cc
Note: Google Test filter = SplineTest.UBSplineEvaluateTimeDeriv5
[==========] Running 1 test from 1 test suite.
[----------] Global test environment set-up.
[----------] 1 test from SplineTest
[ RUN      ] SplineTest.UBSplineEvaluateTimeDeriv5
[       OK ] SplineTest.UBSplineEvaluateTimeDeriv5 (0 ms)
[----------] 1 test from SplineTest (0 ms total)

[----------] Global test environment tear-down
[==========] 1 test from 1 test suite ran. (0 ms total)
[  PASSED  ] 1 test.
<end of output>
Test time =   0.00 sec
----------------------------------------------------------
Test Passed.
"SplineTest.UBSplineEvaluateTimeDeriv5" end time: May 18 21:49 EEST
"SplineTest.UBSplineEvaluateTimeDeriv5" time elapsed: 00:00:00
----------------------------------------------------------

14/115 Testing: SplineTest.UBSplineEvaluateTimeDeriv6
14/115 Test: SplineTest.UBSplineEvaluateTimeDeriv6
Command: "/home/lyu/Documents/catkin_evis/lie-spline-experiments/build/thirdparty/basalt/thirdparty/basalt-headers/test/test_spline" "--gtest_filter=SplineTest.UBSplineEvaluateTimeDeriv6" "--gtest_also_run_disabled_tests"
Directory: /home/lyu/Documents/catkin_evis/lie-spline-experiments/build/thirdparty/basalt/thirdparty/basalt-headers/test
"SplineTest.UBSplineEvaluateTimeDeriv6" start time: May 18 21:49 EEST
Output:
----------------------------------------------------------
Running main() from /home/lyu/Documents/catkin_evis/lie-spline-experiments/thirdparty/basalt/thirdparty/basalt-headers/test/googletest/googletest/src/gtest_main.cc
Note: Google Test filter = SplineTest.UBSplineEvaluateTimeDeriv6
[==========] Running 1 test from 1 test suite.
[----------] Global test environment set-up.
[----------] 1 test from SplineTest
[ RUN      ] SplineTest.UBSplineEvaluateTimeDeriv6
[       OK ] SplineTest.UBSplineEvaluateTimeDeriv6 (0 ms)
[----------] 1 test from SplineTest (0 ms total)

[----------] Global test environment tear-down
[==========] 1 test from 1 test suite ran. (0 ms total)
[  PASSED  ] 1 test.
<end of output>
Test time =   0.00 sec
----------------------------------------------------------
Test Passed.
"SplineTest.UBSplineEvaluateTimeDeriv6" end time: May 18 21:49 EEST
"SplineTest.UBSplineEvaluateTimeDeriv6" time elapsed: 00:00:00
----------------------------------------------------------

15/115 Testing: SplineTest.UBSplineVelocityTimeDeriv4
15/115 Test: SplineTest.UBSplineVelocityTimeDeriv4
Command: "/home/lyu/Documents/catkin_evis/lie-spline-experiments/build/thirdparty/basalt/thirdparty/basalt-headers/test/test_spline" "--gtest_filter=SplineTest.UBSplineVelocityTimeDeriv4" "--gtest_also_run_disabled_tests"
Directory: /home/lyu/Documents/catkin_evis/lie-spline-experiments/build/thirdparty/basalt/thirdparty/basalt-headers/test
"SplineTest.UBSplineVelocityTimeDeriv4" start time: May 18 21:49 EEST
Output:
----------------------------------------------------------
Running main() from /home/lyu/Documents/catkin_evis/lie-spline-experiments/thirdparty/basalt/thirdparty/basalt-headers/test/googletest/googletest/src/gtest_main.cc
Note: Google Test filter = SplineTest.UBSplineVelocityTimeDeriv4
[==========] Running 1 test from 1 test suite.
[----------] Global test environment set-up.
[----------] 1 test from SplineTest
[ RUN      ] SplineTest.UBSplineVelocityTimeDeriv4
[       OK ] SplineTest.UBSplineVelocityTimeDeriv4 (0 ms)
[----------] 1 test from SplineTest (0 ms total)

[----------] Global test environment tear-down
[==========] 1 test from 1 test suite ran. (0 ms total)
[  PASSED  ] 1 test.
<end of output>
Test time =   0.00 sec
----------------------------------------------------------
Test Passed.
"SplineTest.UBSplineVelocityTimeDeriv4" end time: May 18 21:49 EEST
"SplineTest.UBSplineVelocityTimeDeriv4" time elapsed: 00:00:00
----------------------------------------------------------

16/115 Testing: SplineTest.UBSplineVelocityTimeDeriv5
16/115 Test: SplineTest.UBSplineVelocityTimeDeriv5
Command: "/home/lyu/Documents/catkin_evis/lie-spline-experiments/build/thirdparty/basalt/thirdparty/basalt-headers/test/test_spline" "--gtest_filter=SplineTest.UBSplineVelocityTimeDeriv5" "--gtest_also_run_disabled_tests"
Directory: /home/lyu/Documents/catkin_evis/lie-spline-experiments/build/thirdparty/basalt/thirdparty/basalt-headers/test
"SplineTest.UBSplineVelocityTimeDeriv5" start time: May 18 21:49 EEST
Output:
----------------------------------------------------------
Running main() from /home/lyu/Documents/catkin_evis/lie-spline-experiments/thirdparty/basalt/thirdparty/basalt-headers/test/googletest/googletest/src/gtest_main.cc
Note: Google Test filter = SplineTest.UBSplineVelocityTimeDeriv5
[==========] Running 1 test from 1 test suite.
[----------] Global test environment set-up.
[----------] 1 test from SplineTest
[ RUN      ] SplineTest.UBSplineVelocityTimeDeriv5
[       OK ] SplineTest.UBSplineVelocityTimeDeriv5 (0 ms)
[----------] 1 test from SplineTest (0 ms total)

[----------] Global test environment tear-down
[==========] 1 test from 1 test suite ran. (0 ms total)
[  PASSED  ] 1 test.
<end of output>
Test time =   0.00 sec
----------------------------------------------------------
Test Passed.
"SplineTest.UBSplineVelocityTimeDeriv5" end time: May 18 21:49 EEST
"SplineTest.UBSplineVelocityTimeDeriv5" time elapsed: 00:00:00
----------------------------------------------------------

17/115 Testing: SplineTest.UBSplineVelocityTimeDeriv6
17/115 Test: SplineTest.UBSplineVelocityTimeDeriv6
Command: "/home/lyu/Documents/catkin_evis/lie-spline-experiments/build/thirdparty/basalt/thirdparty/basalt-headers/test/test_spline" "--gtest_filter=SplineTest.UBSplineVelocityTimeDeriv6" "--gtest_also_run_disabled_tests"
Directory: /home/lyu/Documents/catkin_evis/lie-spline-experiments/build/thirdparty/basalt/thirdparty/basalt-headers/test
"SplineTest.UBSplineVelocityTimeDeriv6" start time: May 18 21:49 EEST
Output:
----------------------------------------------------------
Running main() from /home/lyu/Documents/catkin_evis/lie-spline-experiments/thirdparty/basalt/thirdparty/basalt-headers/test/googletest/googletest/src/gtest_main.cc
Note: Google Test filter = SplineTest.UBSplineVelocityTimeDeriv6
[==========] Running 1 test from 1 test suite.
[----------] Global test environment set-up.
[----------] 1 test from SplineTest
[ RUN      ] SplineTest.UBSplineVelocityTimeDeriv6
[       OK ] SplineTest.UBSplineVelocityTimeDeriv6 (0 ms)
[----------] 1 test from SplineTest (0 ms total)

[----------] Global test environment tear-down
[==========] 1 test from 1 test suite ran. (0 ms total)
[  PASSED  ] 1 test.
<end of output>
Test time =   0.00 sec
----------------------------------------------------------
Test Passed.
"SplineTest.UBSplineVelocityTimeDeriv6" end time: May 18 21:49 EEST
"SplineTest.UBSplineVelocityTimeDeriv6" time elapsed: 00:00:00
----------------------------------------------------------

18/115 Testing: SplineTest.SO3CUBSplineEvaluateKnots4
18/115 Test: SplineTest.SO3CUBSplineEvaluateKnots4
Command: "/home/lyu/Documents/catkin_evis/lie-spline-experiments/build/thirdparty/basalt/thirdparty/basalt-headers/test/test_spline" "--gtest_filter=SplineTest.SO3CUBSplineEvaluateKnots4" "--gtest_also_run_disabled_tests"
Directory: /home/lyu/Documents/catkin_evis/lie-spline-experiments/build/thirdparty/basalt/thirdparty/basalt-headers/test
"SplineTest.SO3CUBSplineEvaluateKnots4" start time: May 18 21:49 EEST
Output:
----------------------------------------------------------
Running main() from /home/lyu/Documents/catkin_evis/lie-spline-experiments/thirdparty/basalt/thirdparty/basalt-headers/test/googletest/googletest/src/gtest_main.cc
Note: Google Test filter = SplineTest.SO3CUBSplineEvaluateKnots4
[==========] Running 1 test from 1 test suite.
[----------] Global test environment set-up.
[----------] 1 test from SplineTest
[ RUN      ] SplineTest.SO3CUBSplineEvaluateKnots4
[       OK ] SplineTest.SO3CUBSplineEvaluateKnots4 (10 ms)
[----------] 1 test from SplineTest (10 ms total)

[----------] Global test environment tear-down
[==========] 1 test from 1 test suite ran. (10 ms total)
[  PASSED  ] 1 test.
<end of output>
Test time =   0.01 sec
----------------------------------------------------------
Test Passed.
"SplineTest.SO3CUBSplineEvaluateKnots4" end time: May 18 21:49 EEST
"SplineTest.SO3CUBSplineEvaluateKnots4" time elapsed: 00:00:00
----------------------------------------------------------

19/115 Testing: SplineTest.SO3CUBSplineEvaluateKnots5
19/115 Test: SplineTest.SO3CUBSplineEvaluateKnots5
Command: "/home/lyu/Documents/catkin_evis/lie-spline-experiments/build/thirdparty/basalt/thirdparty/basalt-headers/test/test_spline" "--gtest_filter=SplineTest.SO3CUBSplineEvaluateKnots5" "--gtest_also_run_disabled_tests"
Directory: /home/lyu/Documents/catkin_evis/lie-spline-experiments/build/thirdparty/basalt/thirdparty/basalt-headers/test
"SplineTest.SO3CUBSplineEvaluateKnots5" start time: May 18 21:49 EEST
Output:
----------------------------------------------------------
Running main() from /home/lyu/Documents/catkin_evis/lie-spline-experiments/thirdparty/basalt/thirdparty/basalt-headers/test/googletest/googletest/src/gtest_main.cc
Note: Google Test filter = SplineTest.SO3CUBSplineEvaluateKnots5
[==========] Running 1 test from 1 test suite.
[----------] Global test environment set-up.
[----------] 1 test from SplineTest
[ RUN      ] SplineTest.SO3CUBSplineEvaluateKnots5
[       OK ] SplineTest.SO3CUBSplineEvaluateKnots5 (19 ms)
[----------] 1 test from SplineTest (19 ms total)

[----------] Global test environment tear-down
[==========] 1 test from 1 test suite ran. (19 ms total)
[  PASSED  ] 1 test.
<end of output>
Test time =   0.02 sec
----------------------------------------------------------
Test Passed.
"SplineTest.SO3CUBSplineEvaluateKnots5" end time: May 18 21:49 EEST
"SplineTest.SO3CUBSplineEvaluateKnots5" time elapsed: 00:00:00
----------------------------------------------------------

20/115 Testing: SplineTest.SO3CUBSplineEvaluateKnots6
20/115 Test: SplineTest.SO3CUBSplineEvaluateKnots6
Command: "/home/lyu/Documents/catkin_evis/lie-spline-experiments/build/thirdparty/basalt/thirdparty/basalt-headers/test/test_spline" "--gtest_filter=SplineTest.SO3CUBSplineEvaluateKnots6" "--gtest_also_run_disabled_tests"
Directory: /home/lyu/Documents/catkin_evis/lie-spline-experiments/build/thirdparty/basalt/thirdparty/basalt-headers/test
"SplineTest.SO3CUBSplineEvaluateKnots6" start time: May 18 21:49 EEST
Output:
----------------------------------------------------------
Running main() from /home/lyu/Documents/catkin_evis/lie-spline-experiments/thirdparty/basalt/thirdparty/basalt-headers/test/googletest/googletest/src/gtest_main.cc
Note: Google Test filter = SplineTest.SO3CUBSplineEvaluateKnots6
[==========] Running 1 test from 1 test suite.
[----------] Global test environment set-up.
[----------] 1 test from SplineTest
[ RUN      ] SplineTest.SO3CUBSplineEvaluateKnots6
[       OK ] SplineTest.SO3CUBSplineEvaluateKnots6 (33 ms)
[----------] 1 test from SplineTest (33 ms total)

[----------] Global test environment tear-down
[==========] 1 test from 1 test suite ran. (33 ms total)
[  PASSED  ] 1 test.
<end of output>
Test time =   0.04 sec
----------------------------------------------------------
Test Passed.
"SplineTest.SO3CUBSplineEvaluateKnots6" end time: May 18 21:49 EEST
"SplineTest.SO3CUBSplineEvaluateKnots6" time elapsed: 00:00:00
----------------------------------------------------------

21/115 Testing: SplineTest.SO3CUBSplineVelocity4
21/115 Test: SplineTest.SO3CUBSplineVelocity4
Command: "/home/lyu/Documents/catkin_evis/lie-spline-experiments/build/thirdparty/basalt/thirdparty/basalt-headers/test/test_spline" "--gtest_filter=SplineTest.SO3CUBSplineVelocity4" "--gtest_also_run_disabled_tests"
Directory: /home/lyu/Documents/catkin_evis/lie-spline-experiments/build/thirdparty/basalt/thirdparty/basalt-headers/test
"SplineTest.SO3CUBSplineVelocity4" start time: May 18 21:49 EEST
Output:
----------------------------------------------------------
Running main() from /home/lyu/Documents/catkin_evis/lie-spline-experiments/thirdparty/basalt/thirdparty/basalt-headers/test/googletest/googletest/src/gtest_main.cc
Note: Google Test filter = SplineTest.SO3CUBSplineVelocity4
[==========] Running 1 test from 1 test suite.
[----------] Global test environment set-up.
[----------] 1 test from SplineTest
[ RUN      ] SplineTest.SO3CUBSplineVelocity4
[       OK ] SplineTest.SO3CUBSplineVelocity4 (0 ms)
[----------] 1 test from SplineTest (0 ms total)

[----------] Global test environment tear-down
[==========] 1 test from 1 test suite ran. (0 ms total)
[  PASSED  ] 1 test.
<end of output>
Test time =   0.00 sec
----------------------------------------------------------
Test Passed.
"SplineTest.SO3CUBSplineVelocity4" end time: May 18 21:49 EEST
"SplineTest.SO3CUBSplineVelocity4" time elapsed: 00:00:00
----------------------------------------------------------

22/115 Testing: SplineTest.SO3CUBSplineVelocity5
22/115 Test: SplineTest.SO3CUBSplineVelocity5
Command: "/home/lyu/Documents/catkin_evis/lie-spline-experiments/build/thirdparty/basalt/thirdparty/basalt-headers/test/test_spline" "--gtest_filter=SplineTest.SO3CUBSplineVelocity5" "--gtest_also_run_disabled_tests"
Directory: /home/lyu/Documents/catkin_evis/lie-spline-experiments/build/thirdparty/basalt/thirdparty/basalt-headers/test
"SplineTest.SO3CUBSplineVelocity5" start time: May 18 21:49 EEST
Output:
----------------------------------------------------------
Running main() from /home/lyu/Documents/catkin_evis/lie-spline-experiments/thirdparty/basalt/thirdparty/basalt-headers/test/googletest/googletest/src/gtest_main.cc
Note: Google Test filter = SplineTest.SO3CUBSplineVelocity5
[==========] Running 1 test from 1 test suite.
[----------] Global test environment set-up.
[----------] 1 test from SplineTest
[ RUN      ] SplineTest.SO3CUBSplineVelocity5
[       OK ] SplineTest.SO3CUBSplineVelocity5 (0 ms)
[----------] 1 test from SplineTest (0 ms total)

[----------] Global test environment tear-down
[==========] 1 test from 1 test suite ran. (0 ms total)
[  PASSED  ] 1 test.
<end of output>
Test time =   0.00 sec
----------------------------------------------------------
Test Passed.
"SplineTest.SO3CUBSplineVelocity5" end time: May 18 21:49 EEST
"SplineTest.SO3CUBSplineVelocity5" time elapsed: 00:00:00
----------------------------------------------------------

23/115 Testing: SplineTest.SO3CUBSplineVelocity6
23/115 Test: SplineTest.SO3CUBSplineVelocity6
Command: "/home/lyu/Documents/catkin_evis/lie-spline-experiments/build/thirdparty/basalt/thirdparty/basalt-headers/test/test_spline" "--gtest_filter=SplineTest.SO3CUBSplineVelocity6" "--gtest_also_run_disabled_tests"
Directory: /home/lyu/Documents/catkin_evis/lie-spline-experiments/build/thirdparty/basalt/thirdparty/basalt-headers/test
"SplineTest.SO3CUBSplineVelocity6" start time: May 18 21:49 EEST
Output:
----------------------------------------------------------
Running main() from /home/lyu/Documents/catkin_evis/lie-spline-experiments/thirdparty/basalt/thirdparty/basalt-headers/test/googletest/googletest/src/gtest_main.cc
Note: Google Test filter = SplineTest.SO3CUBSplineVelocity6
[==========] Running 1 test from 1 test suite.
[----------] Global test environment set-up.
[----------] 1 test from SplineTest
[ RUN      ] SplineTest.SO3CUBSplineVelocity6
[       OK ] SplineTest.SO3CUBSplineVelocity6 (0 ms)
[----------] 1 test from SplineTest (0 ms total)

[----------] Global test environment tear-down
[==========] 1 test from 1 test suite ran. (0 ms total)
[  PASSED  ] 1 test.
<end of output>
Test time =   0.00 sec
----------------------------------------------------------
Test Passed.
"SplineTest.SO3CUBSplineVelocity6" end time: May 18 21:49 EEST
"SplineTest.SO3CUBSplineVelocity6" time elapsed: 00:00:00
----------------------------------------------------------

24/115 Testing: SplineTest.SO3CUBSplineAcceleration4
24/115 Test: SplineTest.SO3CUBSplineAcceleration4
Command: "/home/lyu/Documents/catkin_evis/lie-spline-experiments/build/thirdparty/basalt/thirdparty/basalt-headers/test/test_spline" "--gtest_filter=SplineTest.SO3CUBSplineAcceleration4" "--gtest_also_run_disabled_tests"
Directory: /home/lyu/Documents/catkin_evis/lie-spline-experiments/build/thirdparty/basalt/thirdparty/basalt-headers/test
"SplineTest.SO3CUBSplineAcceleration4" start time: May 18 21:49 EEST
Output:
----------------------------------------------------------
Running main() from /home/lyu/Documents/catkin_evis/lie-spline-experiments/thirdparty/basalt/thirdparty/basalt-headers/test/googletest/googletest/src/gtest_main.cc
Note: Google Test filter = SplineTest.SO3CUBSplineAcceleration4
[==========] Running 1 test from 1 test suite.
[----------] Global test environment set-up.
[----------] 1 test from SplineTest
[ RUN      ] SplineTest.SO3CUBSplineAcceleration4
[       OK ] SplineTest.SO3CUBSplineAcceleration4 (0 ms)
[----------] 1 test from SplineTest (0 ms total)

[----------] Global test environment tear-down
[==========] 1 test from 1 test suite ran. (0 ms total)
[  PASSED  ] 1 test.
<end of output>
Test time =   0.00 sec
----------------------------------------------------------
Test Passed.
"SplineTest.SO3CUBSplineAcceleration4" end time: May 18 21:49 EEST
"SplineTest.SO3CUBSplineAcceleration4" time elapsed: 00:00:00
----------------------------------------------------------

25/115 Testing: SplineTest.SO3CUBSplineAcceleration5
25/115 Test: SplineTest.SO3CUBSplineAcceleration5
Command: "/home/lyu/Documents/catkin_evis/lie-spline-experiments/build/thirdparty/basalt/thirdparty/basalt-headers/test/test_spline" "--gtest_filter=SplineTest.SO3CUBSplineAcceleration5" "--gtest_also_run_disabled_tests"
Directory: /home/lyu/Documents/catkin_evis/lie-spline-experiments/build/thirdparty/basalt/thirdparty/basalt-headers/test
"SplineTest.SO3CUBSplineAcceleration5" start time: May 18 21:49 EEST
Output:
----------------------------------------------------------
Running main() from /home/lyu/Documents/catkin_evis/lie-spline-experiments/thirdparty/basalt/thirdparty/basalt-headers/test/googletest/googletest/src/gtest_main.cc
Note: Google Test filter = SplineTest.SO3CUBSplineAcceleration5
[==========] Running 1 test from 1 test suite.
[----------] Global test environment set-up.
[----------] 1 test from SplineTest
[ RUN      ] SplineTest.SO3CUBSplineAcceleration5
[       OK ] SplineTest.SO3CUBSplineAcceleration5 (0 ms)
[----------] 1 test from SplineTest (0 ms total)

[----------] Global test environment tear-down
[==========] 1 test from 1 test suite ran. (0 ms total)
[  PASSED  ] 1 test.
<end of output>
Test time =   0.00 sec
----------------------------------------------------------
Test Passed.
"SplineTest.SO3CUBSplineAcceleration5" end time: May 18 21:49 EEST
"SplineTest.SO3CUBSplineAcceleration5" time elapsed: 00:00:00
----------------------------------------------------------

26/115 Testing: SplineTest.SO3CUBSplineAcceleration6
26/115 Test: SplineTest.SO3CUBSplineAcceleration6
Command: "/home/lyu/Documents/catkin_evis/lie-spline-experiments/build/thirdparty/basalt/thirdparty/basalt-headers/test/test_spline" "--gtest_filter=SplineTest.SO3CUBSplineAcceleration6" "--gtest_also_run_disabled_tests"
Directory: /home/lyu/Documents/catkin_evis/lie-spline-experiments/build/thirdparty/basalt/thirdparty/basalt-headers/test
"SplineTest.SO3CUBSplineAcceleration6" start time: May 18 21:49 EEST
Output:
----------------------------------------------------------
Running main() from /home/lyu/Documents/catkin_evis/lie-spline-experiments/thirdparty/basalt/thirdparty/basalt-headers/test/googletest/googletest/src/gtest_main.cc
Note: Google Test filter = SplineTest.SO3CUBSplineAcceleration6
[==========] Running 1 test from 1 test suite.
[----------] Global test environment set-up.
[----------] 1 test from SplineTest
[ RUN      ] SplineTest.SO3CUBSplineAcceleration6
[       OK ] SplineTest.SO3CUBSplineAcceleration6 (1 ms)
[----------] 1 test from SplineTest (1 ms total)

[----------] Global test environment tear-down
[==========] 1 test from 1 test suite ran. (1 ms total)
[  PASSED  ] 1 test.
<end of output>
Test time =   0.00 sec
----------------------------------------------------------
Test Passed.
"SplineTest.SO3CUBSplineAcceleration6" end time: May 18 21:49 EEST
"SplineTest.SO3CUBSplineAcceleration6" time elapsed: 00:00:00
----------------------------------------------------------

27/115 Testing: SplineTest.SO3CUBSplineJerk5
27/115 Test: SplineTest.SO3CUBSplineJerk5
Command: "/home/lyu/Documents/catkin_evis/lie-spline-experiments/build/thirdparty/basalt/thirdparty/basalt-headers/test/test_spline" "--gtest_filter=SplineTest.SO3CUBSplineJerk5" "--gtest_also_run_disabled_tests"
Directory: /home/lyu/Documents/catkin_evis/lie-spline-experiments/build/thirdparty/basalt/thirdparty/basalt-headers/test
"SplineTest.SO3CUBSplineJerk5" start time: May 18 21:49 EEST
Output:
----------------------------------------------------------
Running main() from /home/lyu/Documents/catkin_evis/lie-spline-experiments/thirdparty/basalt/thirdparty/basalt-headers/test/googletest/googletest/src/gtest_main.cc
Note: Google Test filter = SplineTest.SO3CUBSplineJerk5
[==========] Running 1 test from 1 test suite.
[----------] Global test environment set-up.
[----------] 1 test from SplineTest
[ RUN      ] SplineTest.SO3CUBSplineJerk5
[       OK ] SplineTest.SO3CUBSplineJerk5 (0 ms)
[----------] 1 test from SplineTest (0 ms total)

[----------] Global test environment tear-down
[==========] 1 test from 1 test suite ran. (0 ms total)
[  PASSED  ] 1 test.
<end of output>
Test time =   0.00 sec
----------------------------------------------------------
Test Passed.
"SplineTest.SO3CUBSplineJerk5" end time: May 18 21:49 EEST
"SplineTest.SO3CUBSplineJerk5" time elapsed: 00:00:00
----------------------------------------------------------

28/115 Testing: SplineTest.SO3CUBSplineJerk6
28/115 Test: SplineTest.SO3CUBSplineJerk6
Command: "/home/lyu/Documents/catkin_evis/lie-spline-experiments/build/thirdparty/basalt/thirdparty/basalt-headers/test/test_spline" "--gtest_filter=SplineTest.SO3CUBSplineJerk6" "--gtest_also_run_disabled_tests"
Directory: /home/lyu/Documents/catkin_evis/lie-spline-experiments/build/thirdparty/basalt/thirdparty/basalt-headers/test
"SplineTest.SO3CUBSplineJerk6" start time: May 18 21:49 EEST
Output:
----------------------------------------------------------
Running main() from /home/lyu/Documents/catkin_evis/lie-spline-experiments/thirdparty/basalt/thirdparty/basalt-headers/test/googletest/googletest/src/gtest_main.cc
Note: Google Test filter = SplineTest.SO3CUBSplineJerk6
[==========] Running 1 test from 1 test suite.
[----------] Global test environment set-up.
[----------] 1 test from SplineTest
[ RUN      ] SplineTest.SO3CUBSplineJerk6
[       OK ] SplineTest.SO3CUBSplineJerk6 (1 ms)
[----------] 1 test from SplineTest (1 ms total)

[----------] Global test environment tear-down
[==========] 1 test from 1 test suite ran. (1 ms total)
[  PASSED  ] 1 test.
<end of output>
Test time =   0.00 sec
----------------------------------------------------------
Test Passed.
"SplineTest.SO3CUBSplineJerk6" end time: May 18 21:49 EEST
"SplineTest.SO3CUBSplineJerk6" time elapsed: 00:00:00
----------------------------------------------------------

29/115 Testing: SplineTest.SO3CUBSplineVelocityKnots4
29/115 Test: SplineTest.SO3CUBSplineVelocityKnots4
Command: "/home/lyu/Documents/catkin_evis/lie-spline-experiments/build/thirdparty/basalt/thirdparty/basalt-headers/test/test_spline" "--gtest_filter=SplineTest.SO3CUBSplineVelocityKnots4" "--gtest_also_run_disabled_tests"
Directory: /home/lyu/Documents/catkin_evis/lie-spline-experiments/build/thirdparty/basalt/thirdparty/basalt-headers/test
"SplineTest.SO3CUBSplineVelocityKnots4" start time: May 18 21:49 EEST
Output:
----------------------------------------------------------
Running main() from /home/lyu/Documents/catkin_evis/lie-spline-experiments/thirdparty/basalt/thirdparty/basalt-headers/test/googletest/googletest/src/gtest_main.cc
Note: Google Test filter = SplineTest.SO3CUBSplineVelocityKnots4
[==========] Running 1 test from 1 test suite.
[----------] Global test environment set-up.
[----------] 1 test from SplineTest
[ RUN      ] SplineTest.SO3CUBSplineVelocityKnots4
[       OK ] SplineTest.SO3CUBSplineVelocityKnots4 (11 ms)
[----------] 1 test from SplineTest (11 ms total)

[----------] Global test environment tear-down
[==========] 1 test from 1 test suite ran. (11 ms total)
[  PASSED  ] 1 test.
<end of output>
Test time =   0.01 sec
----------------------------------------------------------
Test Passed.
"SplineTest.SO3CUBSplineVelocityKnots4" end time: May 18 21:49 EEST
"SplineTest.SO3CUBSplineVelocityKnots4" time elapsed: 00:00:00
----------------------------------------------------------

30/115 Testing: SplineTest.SO3CUBSplineVelocityKnots5
30/115 Test: SplineTest.SO3CUBSplineVelocityKnots5
Command: "/home/lyu/Documents/catkin_evis/lie-spline-experiments/build/thirdparty/basalt/thirdparty/basalt-headers/test/test_spline" "--gtest_filter=SplineTest.SO3CUBSplineVelocityKnots5" "--gtest_also_run_disabled_tests"
Directory: /home/lyu/Documents/catkin_evis/lie-spline-experiments/build/thirdparty/basalt/thirdparty/basalt-headers/test
"SplineTest.SO3CUBSplineVelocityKnots5" start time: May 18 21:49 EEST
Output:
----------------------------------------------------------
Running main() from /home/lyu/Documents/catkin_evis/lie-spline-experiments/thirdparty/basalt/thirdparty/basalt-headers/test/googletest/googletest/src/gtest_main.cc
Note: Google Test filter = SplineTest.SO3CUBSplineVelocityKnots5
[==========] Running 1 test from 1 test suite.
[----------] Global test environment set-up.
[----------] 1 test from SplineTest
[ RUN      ] SplineTest.SO3CUBSplineVelocityKnots5
[       OK ] SplineTest.SO3CUBSplineVelocityKnots5 (19 ms)
[----------] 1 test from SplineTest (19 ms total)

[----------] Global test environment tear-down
[==========] 1 test from 1 test suite ran. (19 ms total)
[  PASSED  ] 1 test.
<end of output>
Test time =   0.02 sec
----------------------------------------------------------
Test Passed.
"SplineTest.SO3CUBSplineVelocityKnots5" end time: May 18 21:49 EEST
"SplineTest.SO3CUBSplineVelocityKnots5" time elapsed: 00:00:00
----------------------------------------------------------

31/115 Testing: SplineTest.SO3CUBSplineVelocityKnots6
31/115 Test: SplineTest.SO3CUBSplineVelocityKnots6
Command: "/home/lyu/Documents/catkin_evis/lie-spline-experiments/build/thirdparty/basalt/thirdparty/basalt-headers/test/test_spline" "--gtest_filter=SplineTest.SO3CUBSplineVelocityKnots6" "--gtest_also_run_disabled_tests"
Directory: /home/lyu/Documents/catkin_evis/lie-spline-experiments/build/thirdparty/basalt/thirdparty/basalt-headers/test
"SplineTest.SO3CUBSplineVelocityKnots6" start time: May 18 21:49 EEST
Output:
----------------------------------------------------------
Running main() from /home/lyu/Documents/catkin_evis/lie-spline-experiments/thirdparty/basalt/thirdparty/basalt-headers/test/googletest/googletest/src/gtest_main.cc
Note: Google Test filter = SplineTest.SO3CUBSplineVelocityKnots6
[==========] Running 1 test from 1 test suite.
[----------] Global test environment set-up.
[----------] 1 test from SplineTest
[ RUN      ] SplineTest.SO3CUBSplineVelocityKnots6
[       OK ] SplineTest.SO3CUBSplineVelocityKnots6 (33 ms)
[----------] 1 test from SplineTest (33 ms total)

[----------] Global test environment tear-down
[==========] 1 test from 1 test suite ran. (33 ms total)
[  PASSED  ] 1 test.
<end of output>
Test time =   0.04 sec
----------------------------------------------------------
Test Passed.
"SplineTest.SO3CUBSplineVelocityKnots6" end time: May 18 21:49 EEST
"SplineTest.SO3CUBSplineVelocityKnots6" time elapsed: 00:00:00
----------------------------------------------------------

32/115 Testing: SplineTest.SO3CUBSplineAccelerationKnots4
32/115 Test: SplineTest.SO3CUBSplineAccelerationKnots4
Command: "/home/lyu/Documents/catkin_evis/lie-spline-experiments/build/thirdparty/basalt/thirdparty/basalt-headers/test/test_spline" "--gtest_filter=SplineTest.SO3CUBSplineAccelerationKnots4" "--gtest_also_run_disabled_tests"
Directory: /home/lyu/Documents/catkin_evis/lie-spline-experiments/build/thirdparty/basalt/thirdparty/basalt-headers/test
"SplineTest.SO3CUBSplineAccelerationKnots4" start time: May 18 21:49 EEST
Output:
----------------------------------------------------------
Running main() from /home/lyu/Documents/catkin_evis/lie-spline-experiments/thirdparty/basalt/thirdparty/basalt-headers/test/googletest/googletest/src/gtest_main.cc
Note: Google Test filter = SplineTest.SO3CUBSplineAccelerationKnots4
[==========] Running 1 test from 1 test suite.
[----------] Global test environment set-up.
[----------] 1 test from SplineTest
[ RUN      ] SplineTest.SO3CUBSplineAccelerationKnots4
[       OK ] SplineTest.SO3CUBSplineAccelerationKnots4 (20 ms)
[----------] 1 test from SplineTest (20 ms total)

[----------] Global test environment tear-down
[==========] 1 test from 1 test suite ran. (20 ms total)
[  PASSED  ] 1 test.
<end of output>
Test time =   0.02 sec
----------------------------------------------------------
Test Passed.
"SplineTest.SO3CUBSplineAccelerationKnots4" end time: May 18 21:49 EEST
"SplineTest.SO3CUBSplineAccelerationKnots4" time elapsed: 00:00:00
----------------------------------------------------------

33/115 Testing: SplineTest.SO3CUBSplineAccelerationKnots5
33/115 Test: SplineTest.SO3CUBSplineAccelerationKnots5
Command: "/home/lyu/Documents/catkin_evis/lie-spline-experiments/build/thirdparty/basalt/thirdparty/basalt-headers/test/test_spline" "--gtest_filter=SplineTest.SO3CUBSplineAccelerationKnots5" "--gtest_also_run_disabled_tests"
Directory: /home/lyu/Documents/catkin_evis/lie-spline-experiments/build/thirdparty/basalt/thirdparty/basalt-headers/test
"SplineTest.SO3CUBSplineAccelerationKnots5" start time: May 18 21:49 EEST
Output:
----------------------------------------------------------
Running main() from /home/lyu/Documents/catkin_evis/lie-spline-experiments/thirdparty/basalt/thirdparty/basalt-headers/test/googletest/googletest/src/gtest_main.cc
Note: Google Test filter = SplineTest.SO3CUBSplineAccelerationKnots5
[==========] Running 1 test from 1 test suite.
[----------] Global test environment set-up.
[----------] 1 test from SplineTest
[ RUN      ] SplineTest.SO3CUBSplineAccelerationKnots5
[       OK ] SplineTest.SO3CUBSplineAccelerationKnots5 (39 ms)
[----------] 1 test from SplineTest (39 ms total)

[----------] Global test environment tear-down
[==========] 1 test from 1 test suite ran. (39 ms total)
[  PASSED  ] 1 test.
<end of output>
Test time =   0.04 sec
----------------------------------------------------------
Test Passed.
"SplineTest.SO3CUBSplineAccelerationKnots5" end time: May 18 21:49 EEST
"SplineTest.SO3CUBSplineAccelerationKnots5" time elapsed: 00:00:00
----------------------------------------------------------

34/115 Testing: SplineTest.SO3CUBSplineAccelerationKnots6
34/115 Test: SplineTest.SO3CUBSplineAccelerationKnots6
Command: "/home/lyu/Documents/catkin_evis/lie-spline-experiments/build/thirdparty/basalt/thirdparty/basalt-headers/test/test_spline" "--gtest_filter=SplineTest.SO3CUBSplineAccelerationKnots6" "--gtest_also_run_disabled_tests"
Directory: /home/lyu/Documents/catkin_evis/lie-spline-experiments/build/thirdparty/basalt/thirdparty/basalt-headers/test
"SplineTest.SO3CUBSplineAccelerationKnots6" start time: May 18 21:49 EEST
Output:
----------------------------------------------------------
Running main() from /home/lyu/Documents/catkin_evis/lie-spline-experiments/thirdparty/basalt/thirdparty/basalt-headers/test/googletest/googletest/src/gtest_main.cc
Note: Google Test filter = SplineTest.SO3CUBSplineAccelerationKnots6
[==========] Running 1 test from 1 test suite.
[----------] Global test environment set-up.
[----------] 1 test from SplineTest
[ RUN      ] SplineTest.SO3CUBSplineAccelerationKnots6
[       OK ] SplineTest.SO3CUBSplineAccelerationKnots6 (67 ms)
[----------] 1 test from SplineTest (67 ms total)

[----------] Global test environment tear-down
[==========] 1 test from 1 test suite ran. (67 ms total)
[  PASSED  ] 1 test.
<end of output>
Test time =   0.07 sec
----------------------------------------------------------
Test Passed.
"SplineTest.SO3CUBSplineAccelerationKnots6" end time: May 18 21:49 EEST
"SplineTest.SO3CUBSplineAccelerationKnots6" time elapsed: 00:00:00
----------------------------------------------------------

35/115 Testing: SplineTest.SO3CUBSplineBounds
35/115 Test: SplineTest.SO3CUBSplineBounds
Command: "/home/lyu/Documents/catkin_evis/lie-spline-experiments/build/thirdparty/basalt/thirdparty/basalt-headers/test/test_spline" "--gtest_filter=SplineTest.SO3CUBSplineBounds" "--gtest_also_run_disabled_tests"
Directory: /home/lyu/Documents/catkin_evis/lie-spline-experiments/build/thirdparty/basalt/thirdparty/basalt-headers/test
"SplineTest.SO3CUBSplineBounds" start time: May 18 21:49 EEST
Output:
----------------------------------------------------------
Running main() from /home/lyu/Documents/catkin_evis/lie-spline-experiments/thirdparty/basalt/thirdparty/basalt-headers/test/googletest/googletest/src/gtest_main.cc
Note: Google Test filter = SplineTest.SO3CUBSplineBounds
[==========] Running 1 test from 1 test suite.
[----------] Global test environment set-up.
[----------] 1 test from SplineTest
[ RUN      ] SplineTest.SO3CUBSplineBounds
[       OK ] SplineTest.SO3CUBSplineBounds (0 ms)
[----------] 1 test from SplineTest (0 ms total)

[----------] Global test environment tear-down
[==========] 1 test from 1 test suite ran. (0 ms total)
[  PASSED  ] 1 test.
<end of output>
Test time =   0.00 sec
----------------------------------------------------------
Test Passed.
"SplineTest.SO3CUBSplineBounds" end time: May 18 21:49 EEST
"SplineTest.SO3CUBSplineBounds" time elapsed: 00:00:00
----------------------------------------------------------

36/115 Testing: SplineTest.UBSplineBounds
36/115 Test: SplineTest.UBSplineBounds
Command: "/home/lyu/Documents/catkin_evis/lie-spline-experiments/build/thirdparty/basalt/thirdparty/basalt-headers/test/test_spline" "--gtest_filter=SplineTest.UBSplineBounds" "--gtest_also_run_disabled_tests"
Directory: /home/lyu/Documents/catkin_evis/lie-spline-experiments/build/thirdparty/basalt/thirdparty/basalt-headers/test
"SplineTest.UBSplineBounds" start time: May 18 21:49 EEST
Output:
----------------------------------------------------------
Running main() from /home/lyu/Documents/catkin_evis/lie-spline-experiments/thirdparty/basalt/thirdparty/basalt-headers/test/googletest/googletest/src/gtest_main.cc
Note: Google Test filter = SplineTest.UBSplineBounds
[==========] Running 1 test from 1 test suite.
[----------] Global test environment set-up.
[----------] 1 test from SplineTest
[ RUN      ] SplineTest.UBSplineBounds
[       OK ] SplineTest.UBSplineBounds (0 ms)
[----------] 1 test from SplineTest (0 ms total)

[----------] Global test environment tear-down
[==========] 1 test from 1 test suite ran. (0 ms total)
[  PASSED  ] 1 test.
<end of output>
Test time =   0.00 sec
----------------------------------------------------------
Test Passed.
"SplineTest.UBSplineBounds" end time: May 18 21:49 EEST
"SplineTest.UBSplineBounds" time elapsed: 00:00:00
----------------------------------------------------------

37/115 Testing: SplineTest.CrossProductTest
37/115 Test: SplineTest.CrossProductTest
Command: "/home/lyu/Documents/catkin_evis/lie-spline-experiments/build/thirdparty/basalt/thirdparty/basalt-headers/test/test_spline" "--gtest_filter=SplineTest.CrossProductTest" "--gtest_also_run_disabled_tests"
Directory: /home/lyu/Documents/catkin_evis/lie-spline-experiments/build/thirdparty/basalt/thirdparty/basalt-headers/test
"SplineTest.CrossProductTest" start time: May 18 21:49 EEST
Output:
----------------------------------------------------------
Running main() from /home/lyu/Documents/catkin_evis/lie-spline-experiments/thirdparty/basalt/thirdparty/basalt-headers/test/googletest/googletest/src/gtest_main.cc
Note: Google Test filter = SplineTest.CrossProductTest
[==========] Running 1 test from 1 test suite.
[----------] Global test environment set-up.
[----------] 1 test from SplineTest
[ RUN      ] SplineTest.CrossProductTest
[       OK ] SplineTest.CrossProductTest (0 ms)
[----------] 1 test from SplineTest (0 ms total)

[----------] Global test environment tear-down
[==========] 1 test from 1 test suite ran. (0 ms total)
[  PASSED  ] 1 test.
<end of output>
Test time =   0.00 sec
----------------------------------------------------------
Test Passed.
"SplineTest.CrossProductTest" end time: May 18 21:49 EEST
"SplineTest.CrossProductTest" time elapsed: 00:00:00
----------------------------------------------------------

38/115 Testing: CameraTestCase.PinholeProjectJacobians
38/115 Test: CameraTestCase.PinholeProjectJacobians
Command: "/home/lyu/Documents/catkin_evis/lie-spline-experiments/build/thirdparty/basalt/thirdparty/basalt-headers/test/test_camera" "--gtest_filter=CameraTestCase.PinholeProjectJacobians" "--gtest_also_run_disabled_tests"
Directory: /home/lyu/Documents/catkin_evis/lie-spline-experiments/build/thirdparty/basalt/thirdparty/basalt-headers/test
"CameraTestCase.PinholeProjectJacobians" start time: May 18 21:49 EEST
Output:
----------------------------------------------------------
Running main() from /home/lyu/Documents/catkin_evis/lie-spline-experiments/thirdparty/basalt/thirdparty/basalt-headers/test/googletest/googletest/src/gtest_main.cc
Note: Google Test filter = CameraTestCase.PinholeProjectJacobians
[==========] Running 1 test from 1 test suite.
[----------] Global test environment set-up.
[----------] 1 test from CameraTestCase
[ RUN      ] CameraTestCase.PinholeProjectJacobians
[       OK ] CameraTestCase.PinholeProjectJacobians (2 ms)
[----------] 1 test from CameraTestCase (2 ms total)

[----------] Global test environment tear-down
[==========] 1 test from 1 test suite ran. (2 ms total)
[  PASSED  ] 1 test.
<end of output>
Test time =   0.00 sec
----------------------------------------------------------
Test Passed.
"CameraTestCase.PinholeProjectJacobians" end time: May 18 21:49 EEST
"CameraTestCase.PinholeProjectJacobians" time elapsed: 00:00:00
----------------------------------------------------------

39/115 Testing: CameraTestCase.PinholeProjectJacobiansFloat
39/115 Test: CameraTestCase.PinholeProjectJacobiansFloat
Command: "/home/lyu/Documents/catkin_evis/lie-spline-experiments/build/thirdparty/basalt/thirdparty/basalt-headers/test/test_camera" "--gtest_filter=CameraTestCase.PinholeProjectJacobiansFloat" "--gtest_also_run_disabled_tests"
Directory: /home/lyu/Documents/catkin_evis/lie-spline-experiments/build/thirdparty/basalt/thirdparty/basalt-headers/test
"CameraTestCase.PinholeProjectJacobiansFloat" start time: May 18 21:49 EEST
Output:
----------------------------------------------------------
Running main() from /home/lyu/Documents/catkin_evis/lie-spline-experiments/thirdparty/basalt/thirdparty/basalt-headers/test/googletest/googletest/src/gtest_main.cc
Note: Google Test filter = CameraTestCase.PinholeProjectJacobiansFloat
[==========] Running 1 test from 1 test suite.
[----------] Global test environment set-up.
[----------] 1 test from CameraTestCase
[ RUN      ] CameraTestCase.PinholeProjectJacobiansFloat
[       OK ] CameraTestCase.PinholeProjectJacobiansFloat (2 ms)
[----------] 1 test from CameraTestCase (2 ms total)

[----------] Global test environment tear-down
[==========] 1 test from 1 test suite ran. (2 ms total)
[  PASSED  ] 1 test.
<end of output>
Test time =   0.00 sec
----------------------------------------------------------
Test Passed.
"CameraTestCase.PinholeProjectJacobiansFloat" end time: May 18 21:49 EEST
"CameraTestCase.PinholeProjectJacobiansFloat" time elapsed: 00:00:00
----------------------------------------------------------

40/115 Testing: CameraTestCase.UnifiedProjectJacobians
40/115 Test: CameraTestCase.UnifiedProjectJacobians
Command: "/home/lyu/Documents/catkin_evis/lie-spline-experiments/build/thirdparty/basalt/thirdparty/basalt-headers/test/test_camera" "--gtest_filter=CameraTestCase.UnifiedProjectJacobians" "--gtest_also_run_disabled_tests"
Directory: /home/lyu/Documents/catkin_evis/lie-spline-experiments/build/thirdparty/basalt/thirdparty/basalt-headers/test
"CameraTestCase.UnifiedProjectJacobians" start time: May 18 21:49 EEST
Output:
----------------------------------------------------------
Running main() from /home/lyu/Documents/catkin_evis/lie-spline-experiments/thirdparty/basalt/thirdparty/basalt-headers/test/googletest/googletest/src/gtest_main.cc
Note: Google Test filter = CameraTestCase.UnifiedProjectJacobians
[==========] Running 1 test from 1 test suite.
[----------] Global test environment set-up.
[----------] 1 test from CameraTestCase
[ RUN      ] CameraTestCase.UnifiedProjectJacobians
[       OK ] CameraTestCase.UnifiedProjectJacobians (4 ms)
[----------] 1 test from CameraTestCase (5 ms total)

[----------] Global test environment tear-down
[==========] 1 test from 1 test suite ran. (5 ms total)
[  PASSED  ] 1 test.
<end of output>
Test time =   0.01 sec
----------------------------------------------------------
Test Passed.
"CameraTestCase.UnifiedProjectJacobians" end time: May 18 21:49 EEST
"CameraTestCase.UnifiedProjectJacobians" time elapsed: 00:00:00
----------------------------------------------------------

41/115 Testing: CameraTestCase.UnifiedProjectJacobiansFloat
41/115 Test: CameraTestCase.UnifiedProjectJacobiansFloat
Command: "/home/lyu/Documents/catkin_evis/lie-spline-experiments/build/thirdparty/basalt/thirdparty/basalt-headers/test/test_camera" "--gtest_filter=CameraTestCase.UnifiedProjectJacobiansFloat" "--gtest_also_run_disabled_tests"
Directory: /home/lyu/Documents/catkin_evis/lie-spline-experiments/build/thirdparty/basalt/thirdparty/basalt-headers/test
"CameraTestCase.UnifiedProjectJacobiansFloat" start time: May 18 21:49 EEST
Output:
----------------------------------------------------------
Running main() from /home/lyu/Documents/catkin_evis/lie-spline-experiments/thirdparty/basalt/thirdparty/basalt-headers/test/googletest/googletest/src/gtest_main.cc
Note: Google Test filter = CameraTestCase.UnifiedProjectJacobiansFloat
[==========] Running 1 test from 1 test suite.
[----------] Global test environment set-up.
[----------] 1 test from CameraTestCase
[ RUN      ] CameraTestCase.UnifiedProjectJacobiansFloat
[       OK ] CameraTestCase.UnifiedProjectJacobiansFloat (4 ms)
[----------] 1 test from CameraTestCase (4 ms total)

[----------] Global test environment tear-down
[==========] 1 test from 1 test suite ran. (4 ms total)
[  PASSED  ] 1 test.
<end of output>
Test time =   0.01 sec
----------------------------------------------------------
Test Passed.
"CameraTestCase.UnifiedProjectJacobiansFloat" end time: May 18 21:49 EEST
"CameraTestCase.UnifiedProjectJacobiansFloat" time elapsed: 00:00:00
----------------------------------------------------------

42/115 Testing: CameraTestCase.ExtendedUnifiedProjectJacobians
42/115 Test: CameraTestCase.ExtendedUnifiedProjectJacobians
Command: "/home/lyu/Documents/catkin_evis/lie-spline-experiments/build/thirdparty/basalt/thirdparty/basalt-headers/test/test_camera" "--gtest_filter=CameraTestCase.ExtendedUnifiedProjectJacobians" "--gtest_also_run_disabled_tests"
Directory: /home/lyu/Documents/catkin_evis/lie-spline-experiments/build/thirdparty/basalt/thirdparty/basalt-headers/test
"CameraTestCase.ExtendedUnifiedProjectJacobians" start time: May 18 21:49 EEST
Output:
----------------------------------------------------------
Running main() from /home/lyu/Documents/catkin_evis/lie-spline-experiments/thirdparty/basalt/thirdparty/basalt-headers/test/googletest/googletest/src/gtest_main.cc
Note: Google Test filter = CameraTestCase.ExtendedUnifiedProjectJacobians
[==========] Running 1 test from 1 test suite.
[----------] Global test environment set-up.
[----------] 1 test from CameraTestCase
[ RUN      ] CameraTestCase.ExtendedUnifiedProjectJacobians
[       OK ] CameraTestCase.ExtendedUnifiedProjectJacobians (6 ms)
[----------] 1 test from CameraTestCase (6 ms total)

[----------] Global test environment tear-down
[==========] 1 test from 1 test suite ran. (6 ms total)
[  PASSED  ] 1 test.
<end of output>
Test time =   0.01 sec
----------------------------------------------------------
Test Passed.
"CameraTestCase.ExtendedUnifiedProjectJacobians" end time: May 18 21:49 EEST
"CameraTestCase.ExtendedUnifiedProjectJacobians" time elapsed: 00:00:00
----------------------------------------------------------

43/115 Testing: CameraTestCase.ExtendedUnifiedProjectJacobiansFloat
43/115 Test: CameraTestCase.ExtendedUnifiedProjectJacobiansFloat
Command: "/home/lyu/Documents/catkin_evis/lie-spline-experiments/build/thirdparty/basalt/thirdparty/basalt-headers/test/test_camera" "--gtest_filter=CameraTestCase.ExtendedUnifiedProjectJacobiansFloat" "--gtest_also_run_disabled_tests"
Directory: /home/lyu/Documents/catkin_evis/lie-spline-experiments/build/thirdparty/basalt/thirdparty/basalt-headers/test
"CameraTestCase.ExtendedUnifiedProjectJacobiansFloat" start time: May 18 21:49 EEST
Output:
----------------------------------------------------------
Running main() from /home/lyu/Documents/catkin_evis/lie-spline-experiments/thirdparty/basalt/thirdparty/basalt-headers/test/googletest/googletest/src/gtest_main.cc
Note: Google Test filter = CameraTestCase.ExtendedUnifiedProjectJacobiansFloat
[==========] Running 1 test from 1 test suite.
[----------] Global test environment set-up.
[----------] 1 test from CameraTestCase
[ RUN      ] CameraTestCase.ExtendedUnifiedProjectJacobiansFloat
[       OK ] CameraTestCase.ExtendedUnifiedProjectJacobiansFloat (4 ms)
[----------] 1 test from CameraTestCase (4 ms total)

[----------] Global test environment tear-down
[==========] 1 test from 1 test suite ran. (4 ms total)
[  PASSED  ] 1 test.
<end of output>
Test time =   0.01 sec
----------------------------------------------------------
Test Passed.
"CameraTestCase.ExtendedUnifiedProjectJacobiansFloat" end time: May 18 21:49 EEST
"CameraTestCase.ExtendedUnifiedProjectJacobiansFloat" time elapsed: 00:00:00
----------------------------------------------------------

44/115 Testing: CameraTestCase.KannalaBrandtProjectJacobians
44/115 Test: CameraTestCase.KannalaBrandtProjectJacobians
Command: "/home/lyu/Documents/catkin_evis/lie-spline-experiments/build/thirdparty/basalt/thirdparty/basalt-headers/test/test_camera" "--gtest_filter=CameraTestCase.KannalaBrandtProjectJacobians" "--gtest_also_run_disabled_tests"
Directory: /home/lyu/Documents/catkin_evis/lie-spline-experiments/build/thirdparty/basalt/thirdparty/basalt-headers/test
"CameraTestCase.KannalaBrandtProjectJacobians" start time: May 18 21:49 EEST
Output:
----------------------------------------------------------
Running main() from /home/lyu/Documents/catkin_evis/lie-spline-experiments/thirdparty/basalt/thirdparty/basalt-headers/test/googletest/googletest/src/gtest_main.cc
Note: Google Test filter = CameraTestCase.KannalaBrandtProjectJacobians
[==========] Running 1 test from 1 test suite.
[----------] Global test environment set-up.
[----------] 1 test from CameraTestCase
[ RUN      ] CameraTestCase.KannalaBrandtProjectJacobians
[       OK ] CameraTestCase.KannalaBrandtProjectJacobians (5 ms)
[----------] 1 test from CameraTestCase (5 ms total)

[----------] Global test environment tear-down
[==========] 1 test from 1 test suite ran. (5 ms total)
[  PASSED  ] 1 test.
<end of output>
Test time =   0.01 sec
----------------------------------------------------------
Test Passed.
"CameraTestCase.KannalaBrandtProjectJacobians" end time: May 18 21:49 EEST
"CameraTestCase.KannalaBrandtProjectJacobians" time elapsed: 00:00:00
----------------------------------------------------------

45/115 Testing: CameraTestCase.KannalaBrandtProjectJacobiansFloat
45/115 Test: CameraTestCase.KannalaBrandtProjectJacobiansFloat
Command: "/home/lyu/Documents/catkin_evis/lie-spline-experiments/build/thirdparty/basalt/thirdparty/basalt-headers/test/test_camera" "--gtest_filter=CameraTestCase.KannalaBrandtProjectJacobiansFloat" "--gtest_also_run_disabled_tests"
Directory: /home/lyu/Documents/catkin_evis/lie-spline-experiments/build/thirdparty/basalt/thirdparty/basalt-headers/test
"CameraTestCase.KannalaBrandtProjectJacobiansFloat" start time: May 18 21:49 EEST
Output:
----------------------------------------------------------
Running main() from /home/lyu/Documents/catkin_evis/lie-spline-experiments/thirdparty/basalt/thirdparty/basalt-headers/test/googletest/googletest/src/gtest_main.cc
Note: Google Test filter = CameraTestCase.KannalaBrandtProjectJacobiansFloat
[==========] Running 1 test from 1 test suite.
[----------] Global test environment set-up.
[----------] 1 test from CameraTestCase
[ RUN      ] CameraTestCase.KannalaBrandtProjectJacobiansFloat
[       OK ] CameraTestCase.KannalaBrandtProjectJacobiansFloat (5 ms)
[----------] 1 test from CameraTestCase (5 ms total)

[----------] Global test environment tear-down
[==========] 1 test from 1 test suite ran. (5 ms total)
[  PASSED  ] 1 test.
<end of output>
Test time =   0.01 sec
----------------------------------------------------------
Test Passed.
"CameraTestCase.KannalaBrandtProjectJacobiansFloat" end time: May 18 21:49 EEST
"CameraTestCase.KannalaBrandtProjectJacobiansFloat" time elapsed: 00:00:00
----------------------------------------------------------

46/115 Testing: CameraTestCase.DoubleSphereJacobians
46/115 Test: CameraTestCase.DoubleSphereJacobians
Command: "/home/lyu/Documents/catkin_evis/lie-spline-experiments/build/thirdparty/basalt/thirdparty/basalt-headers/test/test_camera" "--gtest_filter=CameraTestCase.DoubleSphereJacobians" "--gtest_also_run_disabled_tests"
Directory: /home/lyu/Documents/catkin_evis/lie-spline-experiments/build/thirdparty/basalt/thirdparty/basalt-headers/test
"CameraTestCase.DoubleSphereJacobians" start time: May 18 21:49 EEST
Output:
----------------------------------------------------------
Running main() from /home/lyu/Documents/catkin_evis/lie-spline-experiments/thirdparty/basalt/thirdparty/basalt-headers/test/googletest/googletest/src/gtest_main.cc
Note: Google Test filter = CameraTestCase.DoubleSphereJacobians
[==========] Running 1 test from 1 test suite.
[----------] Global test environment set-up.
[----------] 1 test from CameraTestCase
[ RUN      ] CameraTestCase.DoubleSphereJacobians
[       OK ] CameraTestCase.DoubleSphereJacobians (3 ms)
[----------] 1 test from CameraTestCase (3 ms total)

[----------] Global test environment tear-down
[==========] 1 test from 1 test suite ran. (3 ms total)
[  PASSED  ] 1 test.
<end of output>
Test time =   0.00 sec
----------------------------------------------------------
Test Passed.
"CameraTestCase.DoubleSphereJacobians" end time: May 18 21:49 EEST
"CameraTestCase.DoubleSphereJacobians" time elapsed: 00:00:00
----------------------------------------------------------

47/115 Testing: CameraTestCase.FovCameraJacobians
47/115 Test: CameraTestCase.FovCameraJacobians
Command: "/home/lyu/Documents/catkin_evis/lie-spline-experiments/build/thirdparty/basalt/thirdparty/basalt-headers/test/test_camera" "--gtest_filter=CameraTestCase.FovCameraJacobians" "--gtest_also_run_disabled_tests"
Directory: /home/lyu/Documents/catkin_evis/lie-spline-experiments/build/thirdparty/basalt/thirdparty/basalt-headers/test
"CameraTestCase.FovCameraJacobians" start time: May 18 21:49 EEST
Output:
----------------------------------------------------------
Running main() from /home/lyu/Documents/catkin_evis/lie-spline-experiments/thirdparty/basalt/thirdparty/basalt-headers/test/googletest/googletest/src/gtest_main.cc
Note: Google Test filter = CameraTestCase.FovCameraJacobians
[==========] Running 1 test from 1 test suite.
[----------] Global test environment set-up.
[----------] 1 test from CameraTestCase
[ RUN      ] CameraTestCase.FovCameraJacobians
[       OK ] CameraTestCase.FovCameraJacobians (5 ms)
[----------] 1 test from CameraTestCase (5 ms total)

[----------] Global test environment tear-down
[==========] 1 test from 1 test suite ran. (5 ms total)
[  PASSED  ] 1 test.
<end of output>
Test time =   0.01 sec
----------------------------------------------------------
Test Passed.
"CameraTestCase.FovCameraJacobians" end time: May 18 21:49 EEST
"CameraTestCase.FovCameraJacobians" time elapsed: 00:00:00
----------------------------------------------------------

48/115 Testing: CameraTestCase.BalCameraJacobians
48/115 Test: CameraTestCase.BalCameraJacobians
Command: "/home/lyu/Documents/catkin_evis/lie-spline-experiments/build/thirdparty/basalt/thirdparty/basalt-headers/test/test_camera" "--gtest_filter=CameraTestCase.BalCameraJacobians" "--gtest_also_run_disabled_tests"
Directory: /home/lyu/Documents/catkin_evis/lie-spline-experiments/build/thirdparty/basalt/thirdparty/basalt-headers/test
"CameraTestCase.BalCameraJacobians" start time: May 18 21:49 EEST
Output:
----------------------------------------------------------
Running main() from /home/lyu/Documents/catkin_evis/lie-spline-experiments/thirdparty/basalt/thirdparty/basalt-headers/test/googletest/googletest/src/gtest_main.cc
Note: Google Test filter = CameraTestCase.BalCameraJacobians
[==========] Running 1 test from 1 test suite.
[----------] Global test environment set-up.
[----------] 1 test from CameraTestCase
[ RUN      ] CameraTestCase.BalCameraJacobians
[       OK ] CameraTestCase.BalCameraJacobians (1 ms)
[----------] 1 test from CameraTestCase (1 ms total)

[----------] Global test environment tear-down
[==========] 1 test from 1 test suite ran. (1 ms total)
[  PASSED  ] 1 test.
<end of output>
Test time =   0.00 sec
----------------------------------------------------------
Test Passed.
"CameraTestCase.BalCameraJacobians" end time: May 18 21:49 EEST
"CameraTestCase.BalCameraJacobians" time elapsed: 00:00:00
----------------------------------------------------------

49/115 Testing: CameraTestCase.BalCameraJacobiansFloat
49/115 Test: CameraTestCase.BalCameraJacobiansFloat
Command: "/home/lyu/Documents/catkin_evis/lie-spline-experiments/build/thirdparty/basalt/thirdparty/basalt-headers/test/test_camera" "--gtest_filter=CameraTestCase.BalCameraJacobiansFloat" "--gtest_also_run_disabled_tests"
Directory: /home/lyu/Documents/catkin_evis/lie-spline-experiments/build/thirdparty/basalt/thirdparty/basalt-headers/test
"CameraTestCase.BalCameraJacobiansFloat" start time: May 18 21:49 EEST
Output:
----------------------------------------------------------
Running main() from /home/lyu/Documents/catkin_evis/lie-spline-experiments/thirdparty/basalt/thirdparty/basalt-headers/test/googletest/googletest/src/gtest_main.cc
Note: Google Test filter = CameraTestCase.BalCameraJacobiansFloat
[==========] Running 1 test from 1 test suite.
[----------] Global test environment set-up.
[----------] 1 test from CameraTestCase
[ RUN      ] CameraTestCase.BalCameraJacobiansFloat
[       OK ] CameraTestCase.BalCameraJacobiansFloat (1 ms)
[----------] 1 test from CameraTestCase (1 ms total)

[----------] Global test environment tear-down
[==========] 1 test from 1 test suite ran. (1 ms total)
[  PASSED  ] 1 test.
<end of output>
Test time =   0.00 sec
----------------------------------------------------------
Test Passed.
"CameraTestCase.BalCameraJacobiansFloat" end time: May 18 21:49 EEST
"CameraTestCase.BalCameraJacobiansFloat" time elapsed: 00:00:00
----------------------------------------------------------

50/115 Testing: CameraTestCase.PinholeProjectUnproject
50/115 Test: CameraTestCase.PinholeProjectUnproject
Command: "/home/lyu/Documents/catkin_evis/lie-spline-experiments/build/thirdparty/basalt/thirdparty/basalt-headers/test/test_camera" "--gtest_filter=CameraTestCase.PinholeProjectUnproject" "--gtest_also_run_disabled_tests"
Directory: /home/lyu/Documents/catkin_evis/lie-spline-experiments/build/thirdparty/basalt/thirdparty/basalt-headers/test
"CameraTestCase.PinholeProjectUnproject" start time: May 18 21:49 EEST
Output:
----------------------------------------------------------
Running main() from /home/lyu/Documents/catkin_evis/lie-spline-experiments/thirdparty/basalt/thirdparty/basalt-headers/test/googletest/googletest/src/gtest_main.cc
Note: Google Test filter = CameraTestCase.PinholeProjectUnproject
[==========] Running 1 test from 1 test suite.
[----------] Global test environment set-up.
[----------] 1 test from CameraTestCase
[ RUN      ] CameraTestCase.PinholeProjectUnproject
[       OK ] CameraTestCase.PinholeProjectUnproject (0 ms)
[----------] 1 test from CameraTestCase (0 ms total)

[----------] Global test environment tear-down
[==========] 1 test from 1 test suite ran. (0 ms total)
[  PASSED  ] 1 test.
<end of output>
Test time =   0.00 sec
----------------------------------------------------------
Test Passed.
"CameraTestCase.PinholeProjectUnproject" end time: May 18 21:49 EEST
"CameraTestCase.PinholeProjectUnproject" time elapsed: 00:00:00
----------------------------------------------------------

51/115 Testing: CameraTestCase.PinholeProjectUnprojectFloat
51/115 Test: CameraTestCase.PinholeProjectUnprojectFloat
Command: "/home/lyu/Documents/catkin_evis/lie-spline-experiments/build/thirdparty/basalt/thirdparty/basalt-headers/test/test_camera" "--gtest_filter=CameraTestCase.PinholeProjectUnprojectFloat" "--gtest_also_run_disabled_tests"
Directory: /home/lyu/Documents/catkin_evis/lie-spline-experiments/build/thirdparty/basalt/thirdparty/basalt-headers/test
"CameraTestCase.PinholeProjectUnprojectFloat" start time: May 18 21:49 EEST
Output:
----------------------------------------------------------
Running main() from /home/lyu/Documents/catkin_evis/lie-spline-experiments/thirdparty/basalt/thirdparty/basalt-headers/test/googletest/googletest/src/gtest_main.cc
Note: Google Test filter = CameraTestCase.PinholeProjectUnprojectFloat
[==========] Running 1 test from 1 test suite.
[----------] Global test environment set-up.
[----------] 1 test from CameraTestCase
[ RUN      ] CameraTestCase.PinholeProjectUnprojectFloat
[       OK ] CameraTestCase.PinholeProjectUnprojectFloat (0 ms)
[----------] 1 test from CameraTestCase (0 ms total)

[----------] Global test environment tear-down
[==========] 1 test from 1 test suite ran. (0 ms total)
[  PASSED  ] 1 test.
<end of output>
Test time =   0.00 sec
----------------------------------------------------------
Test Passed.
"CameraTestCase.PinholeProjectUnprojectFloat" end time: May 18 21:49 EEST
"CameraTestCase.PinholeProjectUnprojectFloat" time elapsed: 00:00:00
----------------------------------------------------------

52/115 Testing: CameraTestCase.UnifiedProjectUnproject
52/115 Test: CameraTestCase.UnifiedProjectUnproject
Command: "/home/lyu/Documents/catkin_evis/lie-spline-experiments/build/thirdparty/basalt/thirdparty/basalt-headers/test/test_camera" "--gtest_filter=CameraTestCase.UnifiedProjectUnproject" "--gtest_also_run_disabled_tests"
Directory: /home/lyu/Documents/catkin_evis/lie-spline-experiments/build/thirdparty/basalt/thirdparty/basalt-headers/test
"CameraTestCase.UnifiedProjectUnproject" start time: May 18 21:49 EEST
Output:
----------------------------------------------------------
Running main() from /home/lyu/Documents/catkin_evis/lie-spline-experiments/thirdparty/basalt/thirdparty/basalt-headers/test/googletest/googletest/src/gtest_main.cc
Note: Google Test filter = CameraTestCase.UnifiedProjectUnproject
[==========] Running 1 test from 1 test suite.
[----------] Global test environment set-up.
[----------] 1 test from CameraTestCase
[ RUN      ] CameraTestCase.UnifiedProjectUnproject
[       OK ] CameraTestCase.UnifiedProjectUnproject (0 ms)
[----------] 1 test from CameraTestCase (0 ms total)

[----------] Global test environment tear-down
[==========] 1 test from 1 test suite ran. (0 ms total)
[  PASSED  ] 1 test.
<end of output>
Test time =   0.00 sec
----------------------------------------------------------
Test Passed.
"CameraTestCase.UnifiedProjectUnproject" end time: May 18 21:49 EEST
"CameraTestCase.UnifiedProjectUnproject" time elapsed: 00:00:00
----------------------------------------------------------

53/115 Testing: CameraTestCase.UnifiedProjectUnprojectFloat
53/115 Test: CameraTestCase.UnifiedProjectUnprojectFloat
Command: "/home/lyu/Documents/catkin_evis/lie-spline-experiments/build/thirdparty/basalt/thirdparty/basalt-headers/test/test_camera" "--gtest_filter=CameraTestCase.UnifiedProjectUnprojectFloat" "--gtest_also_run_disabled_tests"
Directory: /home/lyu/Documents/catkin_evis/lie-spline-experiments/build/thirdparty/basalt/thirdparty/basalt-headers/test
"CameraTestCase.UnifiedProjectUnprojectFloat" start time: May 18 21:49 EEST
Output:
----------------------------------------------------------
Running main() from /home/lyu/Documents/catkin_evis/lie-spline-experiments/thirdparty/basalt/thirdparty/basalt-headers/test/googletest/googletest/src/gtest_main.cc
Note: Google Test filter = CameraTestCase.UnifiedProjectUnprojectFloat
[==========] Running 1 test from 1 test suite.
[----------] Global test environment set-up.
[----------] 1 test from CameraTestCase
[...]
Directory: /home/lyu/Documents/catkin_evis/lie-spline-experiments/build/thirdparty/basalt/thirdparty/basalt-headers/test
"ImuPreintegrationTestCase.ResidualTest" start time: May 18 21:49 EEST
Output:
----------------------------------------------------------
Running main() from /home/lyu/Documents/catkin_evis/lie-spline-experiments/thirdparty/basalt/thirdparty/basalt-headers/test/googletest/googletest/src/gtest_main.cc
Note: Google Test filter = ImuPreintegrationTestCase.ResidualTest
[==========] Running 1 test from 1 test suite.
[----------] Global test environment set-up.
[----------] 1 test from ImuPreintegrationTestCase
[ RUN      ] ImuPreintegrationTestCase.ResidualTest
[       OK ] ImuPreintegrationTestCase.ResidualTest (0 ms)
[----------] 1 test from ImuPreintegrationTestCase (0 ms total)

[----------] Global test environment tear-down
[==========] 1 test from 1 test suite ran. (0 ms total)
[  PASSED  ] 1 test.
<end of output>
Test time =   0.00 sec
----------------------------------------------------------
Test Passed.
"ImuPreintegrationTestCase.ResidualTest" end time: May 18 21:49 EEST
"ImuPreintegrationTestCase.ResidualTest" time elapsed: 00:00:00
----------------------------------------------------------

104/115 Testing: ImuPreintegrationTestCase.BiasTest
104/115 Test: ImuPreintegrationTestCase.BiasTest
Command: "/home/lyu/Documents/catkin_evis/lie-spline-experiments/build/thirdparty/basalt/thirdparty/basalt-headers/test/test_preintegration" "--gtest_filter=ImuPreintegrationTestCase.BiasTest" "--gtest_also_run_disabled_tests"
Directory: /home/lyu/Documents/catkin_evis/lie-spline-experiments/build/thirdparty/basalt/thirdparty/basalt-headers/test
"ImuPreintegrationTestCase.BiasTest" start time: May 18 21:49 EEST
Output:
----------------------------------------------------------
Running main() from /home/lyu/Documents/catkin_evis/lie-spline-experiments/thirdparty/basalt/thirdparty/basalt-headers/test/googletest/googletest/src/gtest_main.cc
Note: Google Test filter = ImuPreintegrationTestCase.BiasTest
[==========] Running 1 test from 1 test suite.
[----------] Global test environment set-up.
[----------] 1 test from ImuPreintegrationTestCase
[ RUN      ] ImuPreintegrationTestCase.BiasTest
[       OK ] ImuPreintegrationTestCase.BiasTest (2 ms)
[----------] 1 test from ImuPreintegrationTestCase (2 ms total)

[----------] Global test environment tear-down
[==========] 1 test from 1 test suite ran. (2 ms total)
[  PASSED  ] 1 test.
<end of output>
Test time =   0.00 sec
----------------------------------------------------------
Test Passed.
"ImuPreintegrationTestCase.BiasTest" end time: May 18 21:49 EEST
"ImuPreintegrationTestCase.BiasTest" time elapsed: 00:00:00
----------------------------------------------------------

105/115 Testing: ImuPreintegrationTestCase.ResidualBiasTest
105/115 Test: ImuPreintegrationTestCase.ResidualBiasTest
Command: "/home/lyu/Documents/catkin_evis/lie-spline-experiments/build/thirdparty/basalt/thirdparty/basalt-headers/test/test_preintegration" "--gtest_filter=ImuPreintegrationTestCase.ResidualBiasTest" "--gtest_also_run_disabled_tests"
Directory: /home/lyu/Documents/catkin_evis/lie-spline-experiments/build/thirdparty/basalt/thirdparty/basalt-headers/test
"ImuPreintegrationTestCase.ResidualBiasTest" start time: May 18 21:49 EEST
Output:
----------------------------------------------------------
Running main() from /home/lyu/Documents/catkin_evis/lie-spline-experiments/thirdparty/basalt/thirdparty/basalt-headers/test/googletest/googletest/src/gtest_main.cc
Note: Google Test filter = ImuPreintegrationTestCase.ResidualBiasTest
[==========] Running 1 test from 1 test suite.
[----------] Global test environment set-up.
[----------] 1 test from ImuPreintegrationTestCase
[ RUN      ] ImuPreintegrationTestCase.ResidualBiasTest
[       OK ] ImuPreintegrationTestCase.ResidualBiasTest (2 ms)
[----------] 1 test from ImuPreintegrationTestCase (2 ms total)

[----------] Global test environment tear-down
[==========] 1 test from 1 test suite ran. (2 ms total)
[  PASSED  ] 1 test.
<end of output>
Test time =   0.00 sec
----------------------------------------------------------
Test Passed.
"ImuPreintegrationTestCase.ResidualBiasTest" end time: May 18 21:49 EEST
"ImuPreintegrationTestCase.ResidualBiasTest" time elapsed: 00:00:00
----------------------------------------------------------

106/115 Testing: ImuPreintegrationTestCase.CovarianceTest
106/115 Test: ImuPreintegrationTestCase.CovarianceTest
Command: "/home/lyu/Documents/catkin_evis/lie-spline-experiments/build/thirdparty/basalt/thirdparty/basalt-headers/test/test_preintegration" "--gtest_filter=ImuPreintegrationTestCase.CovarianceTest" "--gtest_also_run_disabled_tests"
Directory: /home/lyu/Documents/catkin_evis/lie-spline-experiments/build/thirdparty/basalt/thirdparty/basalt-headers/test
"ImuPreintegrationTestCase.CovarianceTest" start time: May 18 21:49 EEST
Output:
----------------------------------------------------------
Running main() from /home/lyu/Documents/catkin_evis/lie-spline-experiments/thirdparty/basalt/thirdparty/basalt-headers/test/googletest/googletest/src/gtest_main.cc
Note: Google Test filter = ImuPreintegrationTestCase.CovarianceTest
[==========] Running 1 test from 1 test suite.
[----------] Global test environment set-up.
[----------] 1 test from ImuPreintegrationTestCase
[ RUN      ] ImuPreintegrationTestCase.CovarianceTest
[       OK ] ImuPreintegrationTestCase.CovarianceTest (159 ms)
[----------] 1 test from ImuPreintegrationTestCase (159 ms total)

[----------] Global test environment tear-down
[==========] 1 test from 1 test suite ran. (159 ms total)
[  PASSED  ] 1 test.
<end of output>
Test time =   0.16 sec
----------------------------------------------------------
Test Passed.
"ImuPreintegrationTestCase.CovarianceTest" end time: May 18 21:49 EEST
"ImuPreintegrationTestCase.CovarianceTest" time elapsed: 00:00:00
----------------------------------------------------------

107/115 Testing: ImuPreintegrationTestCase.RandomWalkTest
107/115 Test: ImuPreintegrationTestCase.RandomWalkTest
Command: "/home/lyu/Documents/catkin_evis/lie-spline-experiments/build/thirdparty/basalt/thirdparty/basalt-headers/test/test_preintegration" "--gtest_filter=ImuPreintegrationTestCase.RandomWalkTest" "--gtest_also_run_disabled_tests"
Directory: /home/lyu/Documents/catkin_evis/lie-spline-experiments/build/thirdparty/basalt/thirdparty/basalt-headers/test
"ImuPreintegrationTestCase.RandomWalkTest" start time: May 18 21:49 EEST
Output:
----------------------------------------------------------
Running main() from /home/lyu/Documents/catkin_evis/lie-spline-experiments/thirdparty/basalt/thirdparty/basalt-headers/test/googletest/googletest/src/gtest_main.cc
Note: Google Test filter = ImuPreintegrationTestCase.RandomWalkTest
[==========] Running 1 test from 1 test suite.
[----------] Global test environment set-up.
[----------] 1 test from ImuPreintegrationTestCase
[ RUN      ] ImuPreintegrationTestCase.RandomWalkTest
[       OK ] ImuPreintegrationTestCase.RandomWalkTest (65 ms)
[----------] 1 test from ImuPreintegrationTestCase (65 ms total)

[----------] Global test environment tear-down
[==========] 1 test from 1 test suite ran. (65 ms total)
[  PASSED  ] 1 test.
<end of output>
Test time =   0.07 sec
----------------------------------------------------------
Test Passed.
"ImuPreintegrationTestCase.RandomWalkTest" end time: May 18 21:49 EEST
"ImuPreintegrationTestCase.RandomWalkTest" time elapsed: 00:00:00
----------------------------------------------------------

108/115 Testing: ImuPreintegrationTestCase.ComputeCovInv
108/115 Test: ImuPreintegrationTestCase.ComputeCovInv
Command: "/home/lyu/Documents/catkin_evis/lie-spline-experiments/build/thirdparty/basalt/thirdparty/basalt-headers/test/test_preintegration" "--gtest_filter=ImuPreintegrationTestCase.ComputeCovInv" "--gtest_also_run_disabled_tests"
Directory: /home/lyu/Documents/catkin_evis/lie-spline-experiments/build/thirdparty/basalt/thirdparty/basalt-headers/test
"ImuPreintegrationTestCase.ComputeCovInv" start time: May 18 21:49 EEST
Output:
----------------------------------------------------------
Running main() from /home/lyu/Documents/catkin_evis/lie-spline-experiments/thirdparty/basalt/thirdparty/basalt-headers/test/googletest/googletest/src/gtest_main.cc
Note: Google Test filter = ImuPreintegrationTestCase.ComputeCovInv
[==========] Running 1 test from 1 test suite.
[----------] Global test environment set-up.
[----------] 1 test from ImuPreintegrationTestCase
[ RUN      ] ImuPreintegrationTestCase.ComputeCovInv
[       OK ] ImuPreintegrationTestCase.ComputeCovInv (5 ms)
[----------] 1 test from ImuPreintegrationTestCase (5 ms total)

[----------] Global test environment tear-down
[==========] 1 test from 1 test suite ran. (5 ms total)
[  PASSED  ] 1 test.
<end of output>
Test time =   0.01 sec
----------------------------------------------------------
Test Passed.
"ImuPreintegrationTestCase.ComputeCovInv" end time: May 18 21:49 EEST
"ImuPreintegrationTestCase.ComputeCovInv" time elapsed: 00:00:00
----------------------------------------------------------

109/115 Testing: ImuPreintegrationTestCase.ComputeSqrtCovInv
109/115 Test: ImuPreintegrationTestCase.ComputeSqrtCovInv
Command: "/home/lyu/Documents/catkin_evis/lie-spline-experiments/build/thirdparty/basalt/thirdparty/basalt-headers/test/test_preintegration" "--gtest_filter=ImuPreintegrationTestCase.ComputeSqrtCovInv" "--gtest_also_run_disabled_tests"
Directory: /home/lyu/Documents/catkin_evis/lie-spline-experiments/build/thirdparty/basalt/thirdparty/basalt-headers/test
"ImuPreintegrationTestCase.ComputeSqrtCovInv" start time: May 18 21:49 EEST
Output:
----------------------------------------------------------
Running main() from /home/lyu/Documents/catkin_evis/lie-spline-experiments/thirdparty/basalt/thirdparty/basalt-headers/test/googletest/googletest/src/gtest_main.cc
Note: Google Test filter = ImuPreintegrationTestCase.ComputeSqrtCovInv
[==========] Running 1 test from 1 test suite.
[----------] Global test environment set-up.
[----------] 1 test from ImuPreintegrationTestCase
[ RUN      ] ImuPreintegrationTestCase.ComputeSqrtCovInv
[       OK ] ImuPreintegrationTestCase.ComputeSqrtCovInv (5 ms)
[----------] 1 test from ImuPreintegrationTestCase (5 ms total)

[----------] Global test environment tear-down
[==========] 1 test from 1 test suite ran. (5 ms total)
[  PASSED  ] 1 test.
<end of output>
Test time =   0.01 sec
----------------------------------------------------------
Test Passed.
"ImuPreintegrationTestCase.ComputeSqrtCovInv" end time: May 18 21:49 EEST
"ImuPreintegrationTestCase.ComputeSqrtCovInv" time elapsed: 00:00:00
----------------------------------------------------------

110/115 Testing: SplineCeresTestSuite.CeresSplineHelperOldSO3_4
110/115 Test: SplineCeresTestSuite.CeresSplineHelperOldSO3_4
Command: "/home/lyu/Documents/catkin_evis/lie-spline-experiments/build/test/test_ceres_spline_helper_old" "--gtest_filter=SplineCeresTestSuite.CeresSplineHelperOldSO3_4"
Directory: /home/lyu/Documents/catkin_evis/lie-spline-experiments/build/test
"SplineCeresTestSuite.CeresSplineHelperOldSO3_4" start time: May 18 21:49 EEST
Output:
----------------------------------------------------------
Running main() from /home/lyu/Documents/catkin_evis/lie-spline-experiments/thirdparty/basalt/thirdparty/basalt-headers/test/googletest/googletest/src/gtest_main.cc
Note: Google Test filter = SplineCeresTestSuite.CeresSplineHelperOldSO3_4
[==========] Running 1 test from 1 test suite.
[----------] Global test environment set-up.
[----------] 1 test from SplineCeresTestSuite
[ RUN      ] SplineCeresTestSuite.CeresSplineHelperOldSO3_4
[       OK ] SplineCeresTestSuite.CeresSplineHelperOldSO3_4 (0 ms)
[----------] 1 test from SplineCeresTestSuite (0 ms total)

[----------] Global test environment tear-down
[==========] 1 test from 1 test suite ran. (0 ms total)
[  PASSED  ] 1 test.
<end of output>
Test time =   0.00 sec
----------------------------------------------------------
Test Passed.
"SplineCeresTestSuite.CeresSplineHelperOldSO3_4" end time: May 18 21:49 EEST
"SplineCeresTestSuite.CeresSplineHelperOldSO3_4" time elapsed: 00:00:00
----------------------------------------------------------

111/115 Testing: SplineCeresTestSuite.CeresSplineHelperOldSO3_5
111/115 Test: SplineCeresTestSuite.CeresSplineHelperOldSO3_5
Command: "/home/lyu/Documents/catkin_evis/lie-spline-experiments/build/test/test_ceres_spline_helper_old" "--gtest_filter=SplineCeresTestSuite.CeresSplineHelperOldSO3_5"
Directory: /home/lyu/Documents/catkin_evis/lie-spline-experiments/build/test
"SplineCeresTestSuite.CeresSplineHelperOldSO3_5" start time: May 18 21:49 EEST
Output:
----------------------------------------------------------
Running main() from /home/lyu/Documents/catkin_evis/lie-spline-experiments/thirdparty/basalt/thirdparty/basalt-headers/test/googletest/googletest/src/gtest_main.cc
Note: Google Test filter = SplineCeresTestSuite.CeresSplineHelperOldSO3_5
[==========] Running 1 test from 1 test suite.
[----------] Global test environment set-up.
[----------] 1 test from SplineCeresTestSuite
[ RUN      ] SplineCeresTestSuite.CeresSplineHelperOldSO3_5
[       OK ] SplineCeresTestSuite.CeresSplineHelperOldSO3_5 (1 ms)
[----------] 1 test from SplineCeresTestSuite (1 ms total)

[----------] Global test environment tear-down
[==========] 1 test from 1 test suite ran. (1 ms total)
[  PASSED  ] 1 test.
<end of output>
Test time =   0.00 sec
----------------------------------------------------------
Test Passed.
"SplineCeresTestSuite.CeresSplineHelperOldSO3_5" end time: May 18 21:49 EEST
"SplineCeresTestSuite.CeresSplineHelperOldSO3_5" time elapsed: 00:00:00
----------------------------------------------------------

112/115 Testing: SplineCeresTestSuite.CeresSplineHelperOldSO3_6
112/115 Test: SplineCeresTestSuite.CeresSplineHelperOldSO3_6
Command: "/home/lyu/Documents/catkin_evis/lie-spline-experiments/build/test/test_ceres_spline_helper_old" "--gtest_filter=SplineCeresTestSuite.CeresSplineHelperOldSO3_6"
Directory: /home/lyu/Documents/catkin_evis/lie-spline-experiments/build/test
"SplineCeresTestSuite.CeresSplineHelperOldSO3_6" start time: May 18 21:49 EEST
Output:
----------------------------------------------------------
Running main() from /home/lyu/Documents/catkin_evis/lie-spline-experiments/thirdparty/basalt/thirdparty/basalt-headers/test/googletest/googletest/src/gtest_main.cc
Note: Google Test filter = SplineCeresTestSuite.CeresSplineHelperOldSO3_6
[==========] Running 1 test from 1 test suite.
[----------] Global test environment set-up.
[----------] 1 test from SplineCeresTestSuite
[ RUN      ] SplineCeresTestSuite.CeresSplineHelperOldSO3_6
[       OK ] SplineCeresTestSuite.CeresSplineHelperOldSO3_6 (2 ms)
[----------] 1 test from SplineCeresTestSuite (2 ms total)

[----------] Global test environment tear-down
[==========] 1 test from 1 test suite ran. (2 ms total)
[  PASSED  ] 1 test.
<end of output>
Test time =   0.00 sec
----------------------------------------------------------
Test Passed.
"SplineCeresTestSuite.CeresSplineHelperOldSO3_6" end time: May 18 21:49 EEST
"SplineCeresTestSuite.CeresSplineHelperOldSO3_6" time elapsed: 00:00:00
----------------------------------------------------------

113/115 Testing: SplineCeresTestSuite.CeresSplineHelperOldSE3_4
113/115 Test: SplineCeresTestSuite.CeresSplineHelperOldSE3_4
Command: "/home/lyu/Documents/catkin_evis/lie-spline-experiments/build/test/test_ceres_spline_helper_old" "--gtest_filter=SplineCeresTestSuite.CeresSplineHelperOldSE3_4"
Directory: /home/lyu/Documents/catkin_evis/lie-spline-experiments/build/test
"SplineCeresTestSuite.CeresSplineHelperOldSE3_4" start time: May 18 21:49 EEST
Output:
----------------------------------------------------------
Running main() from /home/lyu/Documents/catkin_evis/lie-spline-experiments/thirdparty/basalt/thirdparty/basalt-headers/test/googletest/googletest/src/gtest_main.cc
Note: Google Test filter = SplineCeresTestSuite.CeresSplineHelperOldSE3_4
[==========] Running 1 test from 1 test suite.
[----------] Global test environment set-up.
[----------] 1 test from SplineCeresTestSuite
[ RUN      ] SplineCeresTestSuite.CeresSplineHelperOldSE3_4
[       OK ] SplineCeresTestSuite.CeresSplineHelperOldSE3_4 (4 ms)
[----------] 1 test from SplineCeresTestSuite (4 ms total)

[----------] Global test environment tear-down
[==========] 1 test from 1 test suite ran. (4 ms total)
[  PASSED  ] 1 test.
<end of output>
Test time =   0.01 sec
----------------------------------------------------------
Test Passed.
"SplineCeresTestSuite.CeresSplineHelperOldSE3_4" end time: May 18 21:49 EEST
"SplineCeresTestSuite.CeresSplineHelperOldSE3_4" time elapsed: 00:00:00
----------------------------------------------------------

114/115 Testing: SplineCeresTestSuite.CeresSplineHelperOldSE3_5
114/115 Test: SplineCeresTestSuite.CeresSplineHelperOldSE3_5
Command: "/home/lyu/Documents/catkin_evis/lie-spline-experiments/build/test/test_ceres_spline_helper_old" "--gtest_filter=SplineCeresTestSuite.CeresSplineHelperOldSE3_5"
Directory: /home/lyu/Documents/catkin_evis/lie-spline-experiments/build/test
"SplineCeresTestSuite.CeresSplineHelperOldSE3_5" start time: May 18 21:49 EEST
Output:
----------------------------------------------------------
Running main() from /home/lyu/Documents/catkin_evis/lie-spline-experiments/thirdparty/basalt/thirdparty/basalt-headers/test/googletest/googletest/src/gtest_main.cc
Note: Google Test filter = SplineCeresTestSuite.CeresSplineHelperOldSE3_5
[==========] Running 1 test from 1 test suite.
[----------] Global test environment set-up.
[----------] 1 test from SplineCeresTestSuite
[ RUN      ] SplineCeresTestSuite.CeresSplineHelperOldSE3_5
[       OK ] SplineCeresTestSuite.CeresSplineHelperOldSE3_5 (6 ms)
[----------] 1 test from SplineCeresTestSuite (6 ms total)

[----------] Global test environment tear-down
[==========] 1 test from 1 test suite ran. (6 ms total)
[  PASSED  ] 1 test.
<end of output>
Test time =   0.01 sec
----------------------------------------------------------
Test Passed.
"SplineCeresTestSuite.CeresSplineHelperOldSE3_5" end time: May 18 21:49 EEST
"SplineCeresTestSuite.CeresSplineHelperOldSE3_5" time elapsed: 00:00:00
----------------------------------------------------------

115/115 Testing: SplineCeresTestSuite.CeresSplineHelperOldSE3_6
115/115 Test: SplineCeresTestSuite.CeresSplineHelperOldSE3_6
Command: "/home/lyu/Documents/catkin_evis/lie-spline-experiments/build/test/test_ceres_spline_helper_old" "--gtest_filter=SplineCeresTestSuite.CeresSplineHelperOldSE3_6"
Directory: /home/lyu/Documents/catkin_evis/lie-spline-experiments/build/test
"SplineCeresTestSuite.CeresSplineHelperOldSE3_6" start time: May 18 21:49 EEST
Output:
----------------------------------------------------------
Running main() from /home/lyu/Documents/catkin_evis/lie-spline-experiments/thirdparty/basalt/thirdparty/basalt-headers/test/googletest/googletest/src/gtest_main.cc
Note: Google Test filter = SplineCeresTestSuite.CeresSplineHelperOldSE3_6
[==========] Running 1 test from 1 test suite.
[----------] Global test environment set-up.
[----------] 1 test from SplineCeresTestSuite
[ RUN      ] SplineCeresTestSuite.CeresSplineHelperOldSE3_6
[       OK ] SplineCeresTestSuite.CeresSplineHelperOldSE3_6 (11 ms)
[----------] 1 test from SplineCeresTestSuite (11 ms total)

[----------] Global test environment tear-down
[==========] 1 test from 1 test suite ran. (11 ms total)
[  PASSED  ] 1 test.
<end of output>
Test time =   0.01 sec
----------------------------------------------------------
Test Passed.
"SplineCeresTestSuite.CeresSplineHelperOldSE3_6" end time: May 18 21:49 EEST
"SplineCeresTestSuite.CeresSplineHelperOldSE3_6" time elapsed: 00:00:00
----------------------------------------------------------

End testing: May 18 21:49 EEST
